

================================================================
== Vitis HLS Report for 'matrix_vector'
================================================================
* Date:           Wed Mar 10 23:51:27 2021

* Version:        2020.2 (Build 3064766 on Wed Nov 18 09:12:47 MST 2020)
* Project:        dft_hls
* Solution:       my_solution (Vivado IP Flow Target)
* Product family: zynq
* Target device:  xc7z020-clg484-1


================================================================
== Performance Estimates
================================================================
+ Timing: 
    * Summary: 
    +--------+----------+----------+------------+
    |  Clock |  Target  | Estimated| Uncertainty|
    +--------+----------+----------+------------+
    |ap_clk  |  10.00 ns|  7.256 ns|     2.70 ns|
    +--------+----------+----------+------------+

+ Latency: 
    * Summary: 
    +---------+---------+----------+----------+-----+-----+---------+
    |  Latency (cycles) |  Latency (absolute) |  Interval | Pipeline|
    |   min   |   max   |    min   |    max   | min | max |   Type  |
    +---------+---------+----------+----------+-----+-----+---------+
    |       30|       30|  0.300 us|  0.300 us|   31|   31|     none|
    +---------+---------+----------+----------+-----+-----+---------+

    + Detail: 
        * Instance: 
        N/A

        * Loop: 
        +-------------+---------+---------+----------+-----------+-----------+------+----------+
        |             |  Latency (cycles) | Iteration|  Initiation Interval  | Trip |          |
        |  Loop Name  |   min   |   max   |  Latency |  achieved |   target  | Count| Pipelined|
        +-------------+---------+---------+----------+-----------+-----------+------+----------+
        |- data_loop  |       28|       28|        22|          1|          1|     8|       yes|
        +-------------+---------+---------+----------+-----------+-----------+------+----------+



================================================================
== Utilization Estimates
================================================================
* Summary: 
+-----------------+---------+-----+--------+-------+-----+
|       Name      | BRAM_18K| DSP |   FF   |  LUT  | URAM|
+-----------------+---------+-----+--------+-------+-----+
|DSP              |        -|    -|       -|      -|    -|
|Expression       |        -|    -|       0|     26|    -|
|FIFO             |        -|    -|       -|      -|    -|
|Instance         |        -|   38|    2579|   5298|    -|
|Memory           |        -|    -|       -|      -|    -|
|Multiplexer      |        -|    -|       -|     47|    -|
|Register         |        -|    -|    1154|     64|    -|
+-----------------+---------+-----+--------+-------+-----+
|Total            |        0|   38|    3733|   5435|    0|
+-----------------+---------+-----+--------+-------+-----+
|Available        |      280|  220|  106400|  53200|    0|
+-----------------+---------+-----+--------+-------+-----+
|Utilization (%)  |        0|   17|       3|     10|    0|
+-----------------+---------+-----+--------+-------+-----+

+ Detail: 
    * Instance: 
    +-----------------------------------+--------------------------------+---------+----+-----+-----+-----+
    |              Instance             |             Module             | BRAM_18K| DSP|  FF | LUT | URAM|
    +-----------------------------------+--------------------------------+---------+----+-----+-----+-----+
    |fadd_32ns_32ns_32_5_full_dsp_1_U1  |fadd_32ns_32ns_32_5_full_dsp_1  |        0|   2|  205|  390|    0|
    |fadd_32ns_32ns_32_5_full_dsp_1_U2  |fadd_32ns_32ns_32_5_full_dsp_1  |        0|   2|  205|  390|    0|
    |fadd_32ns_32ns_32_5_full_dsp_1_U3  |fadd_32ns_32ns_32_5_full_dsp_1  |        0|   2|  205|  390|    0|
    |fadd_32ns_32ns_32_5_full_dsp_1_U4  |fadd_32ns_32ns_32_5_full_dsp_1  |        0|   2|  205|  390|    0|
    |fadd_32ns_32ns_32_5_full_dsp_1_U5  |fadd_32ns_32ns_32_5_full_dsp_1  |        0|   2|  205|  390|    0|
    |fadd_32ns_32ns_32_5_full_dsp_1_U6  |fadd_32ns_32ns_32_5_full_dsp_1  |        0|   2|  205|  390|    0|
    |fadd_32ns_32ns_32_5_full_dsp_1_U7  |fadd_32ns_32ns_32_5_full_dsp_1  |        0|   2|  205|  390|    0|
    |fmul_32ns_32ns_32_4_max_dsp_1_U8   |fmul_32ns_32ns_32_4_max_dsp_1   |        0|   3|  143|  321|    0|
    |fmul_32ns_32ns_32_4_max_dsp_1_U9   |fmul_32ns_32ns_32_4_max_dsp_1   |        0|   3|  143|  321|    0|
    |fmul_32ns_32ns_32_4_max_dsp_1_U10  |fmul_32ns_32ns_32_4_max_dsp_1   |        0|   3|  143|  321|    0|
    |fmul_32ns_32ns_32_4_max_dsp_1_U11  |fmul_32ns_32ns_32_4_max_dsp_1   |        0|   3|  143|  321|    0|
    |fmul_32ns_32ns_32_4_max_dsp_1_U12  |fmul_32ns_32ns_32_4_max_dsp_1   |        0|   3|  143|  321|    0|
    |fmul_32ns_32ns_32_4_max_dsp_1_U13  |fmul_32ns_32ns_32_4_max_dsp_1   |        0|   3|  143|  321|    0|
    |fmul_32ns_32ns_32_4_max_dsp_1_U14  |fmul_32ns_32ns_32_4_max_dsp_1   |        0|   3|  143|  321|    0|
    |fmul_32ns_32ns_32_4_max_dsp_1_U15  |fmul_32ns_32ns_32_4_max_dsp_1   |        0|   3|  143|  321|    0|
    +-----------------------------------+--------------------------------+---------+----+-----+-----+-----+
    |Total                              |                                |        0|  38| 2579| 5298|    0|
    +-----------------------------------+--------------------------------+---------+----+-----+-----+-----+

    * DSP: 
    N/A

    * Memory: 
    N/A

    * FIFO: 
    N/A

    * Expression: 
    +-------------------------+----------+----+---+----+------------+------------+
    |      Variable Name      | Operation| DSP| FF| LUT| Bitwidth P0| Bitwidth P1|
    +-------------------------+----------+----+---+----+------------+------------+
    |add_ln9_fu_342_p2        |         +|   0|  0|  13|           4|           1|
    |icmp_ln9_fu_348_p2       |      icmp|   0|  0|   9|           4|           5|
    |ap_enable_pp0            |       xor|   0|  0|   2|           1|           2|
    |ap_enable_reg_pp0_iter1  |       xor|   0|  0|   2|           2|           1|
    +-------------------------+----------+----+---+----+------------+------------+
    |Total                    |          |   0|  0|  26|          11|           9|
    +-------------------------+----------+----+---+----+------------+------------+

    * Multiplexer: 
    +--------------------------+----+-----------+-----+-----------+
    |           Name           | LUT| Input Size| Bits| Total Bits|
    +--------------------------+----+-----------+-----+-----------+
    |ap_NS_fsm                 |  20|          4|    1|          4|
    |ap_enable_reg_pp0_iter1   |   9|          2|    1|          2|
    |ap_enable_reg_pp0_iter21  |   9|          2|    1|          2|
    |i_reg_239                 |   9|          2|    4|          8|
    +--------------------------+----+-----------+-----+-----------+
    |Total                     |  47|         10|    7|         16|
    +--------------------------+----+-----------+-----+-----------+

    * Register: 
    +--------------------------+----+----+-----+-----------+
    |           Name           | FF | LUT| Bits| Const Bits|
    +--------------------------+----+----+-----+-----------+
    |M_0_load_reg_496          |  32|   0|   32|          0|
    |M_1_load_reg_501          |  32|   0|   32|          0|
    |M_2_load_reg_506          |  32|   0|   32|          0|
    |M_3_load_reg_511          |  32|   0|   32|          0|
    |M_4_load_reg_516          |  32|   0|   32|          0|
    |M_5_load_reg_521          |  32|   0|   32|          0|
    |M_6_load_reg_526          |  32|   0|   32|          0|
    |M_7_load_reg_531          |  32|   0|   32|          0|
    |add_reg_646               |  32|   0|   32|          0|
    |ap_CS_fsm                 |   3|   0|    3|          0|
    |ap_enable_reg_pp0_iter0   |   1|   0|    1|          0|
    |ap_enable_reg_pp0_iter1   |   1|   0|    1|          0|
    |ap_enable_reg_pp0_iter10  |   1|   0|    1|          0|
    |ap_enable_reg_pp0_iter11  |   1|   0|    1|          0|
    |ap_enable_reg_pp0_iter12  |   1|   0|    1|          0|
    |ap_enable_reg_pp0_iter13  |   1|   0|    1|          0|
    |ap_enable_reg_pp0_iter14  |   1|   0|    1|          0|
    |ap_enable_reg_pp0_iter15  |   1|   0|    1|          0|
    |ap_enable_reg_pp0_iter16  |   1|   0|    1|          0|
    |ap_enable_reg_pp0_iter17  |   1|   0|    1|          0|
    |ap_enable_reg_pp0_iter18  |   1|   0|    1|          0|
    |ap_enable_reg_pp0_iter19  |   1|   0|    1|          0|
    |ap_enable_reg_pp0_iter2   |   1|   0|    1|          0|
    |ap_enable_reg_pp0_iter20  |   1|   0|    1|          0|
    |ap_enable_reg_pp0_iter21  |   1|   0|    1|          0|
    |ap_enable_reg_pp0_iter3   |   1|   0|    1|          0|
    |ap_enable_reg_pp0_iter4   |   1|   0|    1|          0|
    |ap_enable_reg_pp0_iter5   |   1|   0|    1|          0|
    |ap_enable_reg_pp0_iter6   |   1|   0|    1|          0|
    |ap_enable_reg_pp0_iter7   |   1|   0|    1|          0|
    |ap_enable_reg_pp0_iter8   |   1|   0|    1|          0|
    |ap_enable_reg_pp0_iter9   |   1|   0|    1|          0|
    |empty_10_reg_427          |  32|   0|   32|          0|
    |empty_11_reg_432          |  32|   0|   32|          0|
    |empty_12_reg_437          |  32|   0|   32|          0|
    |empty_6_reg_407           |  32|   0|   32|          0|
    |empty_7_reg_412           |  32|   0|   32|          0|
    |empty_8_reg_417           |  32|   0|   32|          0|
    |empty_9_reg_422           |  32|   0|   32|          0|
    |empty_reg_402             |  32|   0|   32|          0|
    |i_reg_239                 |   4|   0|    4|          0|
    |icmp_ln9_reg_447          |   1|   0|    1|          0|
    |p0_reg_576                |  32|   0|   32|          0|
    |p1_reg_581                |  32|   0|   32|          0|
    |p2_reg_586                |  32|   0|   32|          0|
    |p3_reg_591                |  32|   0|   32|          0|
    |p4_reg_596                |  32|   0|   32|          0|
    |p5_reg_601                |  32|   0|   32|          0|
    |p6_reg_606                |  32|   0|   32|          0|
    |p7_reg_611                |  32|   0|   32|          0|
    |sum0_a_reg_616            |  32|   0|   32|          0|
    |sum0_b_reg_636            |  32|   0|   32|          0|
    |sum1_a_reg_621            |  32|   0|   32|          0|
    |sum1_b_reg_641            |  32|   0|   32|          0|
    |sum2_a_reg_626            |  32|   0|   32|          0|
    |sum3_a_reg_631            |  32|   0|   32|          0|
    |zext_ln9_reg_451          |   4|   0|   64|         60|
    |icmp_ln9_reg_447          |  64|  32|    1|          0|
    |zext_ln9_reg_451          |  64|  32|   64|         60|
    +--------------------------+----+----+-----+-----------+
    |Total                     |1154|  64| 1151|        120|
    +--------------------------+----+----+-----+-----------+



================================================================
== Interface
================================================================
* Summary: 
+----------------+-----+-----+------------+---------------+--------------+
|    RTL Ports   | Dir | Bits|  Protocol  | Source Object |    C Type    |
+----------------+-----+-----+------------+---------------+--------------+
|ap_clk          |   in|    1|  ap_ctrl_hs|  matrix_vector|  return value|
|ap_rst          |   in|    1|  ap_ctrl_hs|  matrix_vector|  return value|
|ap_start        |   in|    1|  ap_ctrl_hs|  matrix_vector|  return value|
|ap_done         |  out|    1|  ap_ctrl_hs|  matrix_vector|  return value|
|ap_idle         |  out|    1|  ap_ctrl_hs|  matrix_vector|  return value|
|ap_ready        |  out|    1|  ap_ctrl_hs|  matrix_vector|  return value|
|M_0_address0    |  out|    3|   ap_memory|            M_0|         array|
|M_0_ce0         |  out|    1|   ap_memory|            M_0|         array|
|M_0_q0          |   in|   32|   ap_memory|            M_0|         array|
|M_1_address0    |  out|    3|   ap_memory|            M_1|         array|
|M_1_ce0         |  out|    1|   ap_memory|            M_1|         array|
|M_1_q0          |   in|   32|   ap_memory|            M_1|         array|
|M_2_address0    |  out|    3|   ap_memory|            M_2|         array|
|M_2_ce0         |  out|    1|   ap_memory|            M_2|         array|
|M_2_q0          |   in|   32|   ap_memory|            M_2|         array|
|M_3_address0    |  out|    3|   ap_memory|            M_3|         array|
|M_3_ce0         |  out|    1|   ap_memory|            M_3|         array|
|M_3_q0          |   in|   32|   ap_memory|            M_3|         array|
|M_4_address0    |  out|    3|   ap_memory|            M_4|         array|
|M_4_ce0         |  out|    1|   ap_memory|            M_4|         array|
|M_4_q0          |   in|   32|   ap_memory|            M_4|         array|
|M_5_address0    |  out|    3|   ap_memory|            M_5|         array|
|M_5_ce0         |  out|    1|   ap_memory|            M_5|         array|
|M_5_q0          |   in|   32|   ap_memory|            M_5|         array|
|M_6_address0    |  out|    3|   ap_memory|            M_6|         array|
|M_6_ce0         |  out|    1|   ap_memory|            M_6|         array|
|M_6_q0          |   in|   32|   ap_memory|            M_6|         array|
|M_7_address0    |  out|    3|   ap_memory|            M_7|         array|
|M_7_ce0         |  out|    1|   ap_memory|            M_7|         array|
|M_7_q0          |   in|   32|   ap_memory|            M_7|         array|
|V_In_0          |   in|   32|     ap_none|         V_In_0|       pointer|
|V_In_1          |   in|   32|     ap_none|         V_In_1|       pointer|
|V_In_2          |   in|   32|     ap_none|         V_In_2|       pointer|
|V_In_3          |   in|   32|     ap_none|         V_In_3|       pointer|
|V_In_4          |   in|   32|     ap_none|         V_In_4|       pointer|
|V_In_5          |   in|   32|     ap_none|         V_In_5|       pointer|
|V_In_6          |   in|   32|     ap_none|         V_In_6|       pointer|
|V_In_7          |   in|   32|     ap_none|         V_In_7|       pointer|
|V_Out_address0  |  out|    3|   ap_memory|          V_Out|         array|
|V_Out_ce0       |  out|    1|   ap_memory|          V_Out|         array|
|V_Out_we0       |  out|    1|   ap_memory|          V_Out|         array|
|V_Out_d0        |  out|   32|   ap_memory|          V_Out|         array|
+----------------+-----+-----+------------+---------------+--------------+

