INFO-FLOW: Workspace /home/hayden/Documents/dft_hls/dft_hls/text_solution2 opened at Wed Mar 10 23:24:57 MST 2021
Execute     ap_set_clock -name default -period 10 -default=false 
INFO: [SYN 201-201] Setting up clock 'default' with a period of 10ns.
Execute     import_lib /tools/Xilinx/Vitis_HLS/2020.2/common/technology/xilinx/zynq/zynq 
Execute       source /tools/Xilinx/Vitis_HLS/2020.2/common/technology/xilinx/interface/xilinx_interface.hlp 
Execute         source /tools/Xilinx/Vitis_HLS/2020.2/common/technology/xilinx/interface/maxi.hlp 
Execute         source /tools/Xilinx/Vitis_HLS/2020.2/common/technology/xilinx/interface/saxilite.hlp 
Execute       source /tools/Xilinx/Vitis_HLS/2020.2/common/technology/xilinx/DSP48/dsp48.hlp 
Execute     source /tools/Xilinx/Vitis_HLS/2020.2/common/technology/xilinx/common/xilinx.gen 
Execute       source /tools/Xilinx/Vitis_HLS/2020.2/common/technology/xilinx/interface/plb46.gen 
Execute       source /tools/Xilinx/Vitis_HLS/2020.2/common/technology/xilinx/interface/axi4.gen 
Execute       source /tools/Xilinx/Vitis_HLS/2020.2/common/technology/xilinx/interface/nativeAXI4.gen 
Execute         source /tools/Xilinx/Vitis_HLS/2020.2/common/technology/xilinx/interface/saxilite.gen 
Execute         source /tools/Xilinx/Vitis_HLS/2020.2/common/technology/xilinx/interface/maxi.gen 
Execute       source /tools/Xilinx/Vitis_HLS/2020.2/common/technology/xilinx/scripts/xilinxcoregen.gen 
Execute       source /tools/Xilinx/Vitis_HLS/2020.2/common/technology/xilinx/interface/XilEDKCoreGen.gen 
Execute       source /tools/Xilinx/Vitis_HLS/2020.2/common/technology/xilinx/ip/dds_compiler.gen 
Execute       source /tools/Xilinx/Vitis_HLS/2020.2/common/technology/xilinx/ip/util.gen 
Execute       source /tools/Xilinx/Vitis_HLS/2020.2/common/technology/xilinx/ip/xfft.gen 
Execute       source /tools/Xilinx/Vitis_HLS/2020.2/common/technology/xilinx/ip/xfir.gen 
Execute       source /tools/Xilinx/Vitis_HLS/2020.2/common/technology/xilinx/DSP48/dsp48.gen 
Execute     import_lib /tools/Xilinx/Vitis_HLS/2020.2/common/technology/xilinx/zynq/zynq_fpv6 
Execute       source /tools/Xilinx/Vitis_HLS/2020.2/common/technology/xilinx/interface/xilinx_interface.hlp 
Execute         source /tools/Xilinx/Vitis_HLS/2020.2/common/technology/xilinx/interface/maxi.hlp 
Execute         source /tools/Xilinx/Vitis_HLS/2020.2/common/technology/xilinx/interface/saxilite.hlp 
Execute       source /tools/Xilinx/Vitis_HLS/2020.2/common/technology/xilinx/DSP48/dsp48.hlp 
Execute     source /tools/Xilinx/Vitis_HLS/2020.2/common/technology/xilinx/common/xilinx.gen 
Execute       source /tools/Xilinx/Vitis_HLS/2020.2/common/technology/xilinx/interface/plb46.gen 
Execute       source /tools/Xilinx/Vitis_HLS/2020.2/common/technology/xilinx/interface/axi4.gen 
Execute       source /tools/Xilinx/Vitis_HLS/2020.2/common/technology/xilinx/interface/nativeAXI4.gen 
Execute         source /tools/Xilinx/Vitis_HLS/2020.2/common/technology/xilinx/interface/saxilite.gen 
Execute         source /tools/Xilinx/Vitis_HLS/2020.2/common/technology/xilinx/interface/maxi.gen 
Execute       source /tools/Xilinx/Vitis_HLS/2020.2/common/technology/xilinx/scripts/xilinxcoregen.gen 
Execute       source /tools/Xilinx/Vitis_HLS/2020.2/common/technology/xilinx/interface/XilEDKCoreGen.gen 
Execute       source /tools/Xilinx/Vitis_HLS/2020.2/common/technology/xilinx/ip/dds_compiler.gen 
Execute       source /tools/Xilinx/Vitis_HLS/2020.2/common/technology/xilinx/ip/util.gen 
Execute       source /tools/Xilinx/Vitis_HLS/2020.2/common/technology/xilinx/ip/xfft.gen 
Execute       source /tools/Xilinx/Vitis_HLS/2020.2/common/technology/xilinx/ip/xfir.gen 
Execute       source /tools/Xilinx/Vitis_HLS/2020.2/common/technology/xilinx/DSP48/dsp48.gen 
Execute     import_lib /tools/Xilinx/Vitis_HLS/2020.2/common/technology/xilinx/zynq/zynq 
Execute       source /tools/Xilinx/Vitis_HLS/2020.2/common/technology/xilinx/interface/xilinx_interface.hlp 
Execute         source /tools/Xilinx/Vitis_HLS/2020.2/common/technology/xilinx/interface/maxi.hlp 
Execute         source /tools/Xilinx/Vitis_HLS/2020.2/common/technology/xilinx/interface/saxilite.hlp 
Execute       source /tools/Xilinx/Vitis_HLS/2020.2/common/technology/xilinx/DSP48/dsp48.hlp 
Execute     source /tools/Xilinx/Vitis_HLS/2020.2/common/technology/xilinx/common/xilinx.gen 
Execute       source /tools/Xilinx/Vitis_HLS/2020.2/common/technology/xilinx/interface/plb46.gen 
Execute       source /tools/Xilinx/Vitis_HLS/2020.2/common/technology/xilinx/interface/axi4.gen 
Execute       source /tools/Xilinx/Vitis_HLS/2020.2/common/technology/xilinx/interface/nativeAXI4.gen 
Execute         source /tools/Xilinx/Vitis_HLS/2020.2/common/technology/xilinx/interface/saxilite.gen 
Execute         source /tools/Xilinx/Vitis_HLS/2020.2/common/technology/xilinx/interface/maxi.gen 
Execute       source /tools/Xilinx/Vitis_HLS/2020.2/common/technology/xilinx/scripts/xilinxcoregen.gen 
Execute       source /tools/Xilinx/Vitis_HLS/2020.2/common/technology/xilinx/interface/XilEDKCoreGen.gen 
Execute       source /tools/Xilinx/Vitis_HLS/2020.2/common/technology/xilinx/ip/dds_compiler.gen 
Execute       source /tools/Xilinx/Vitis_HLS/2020.2/common/technology/xilinx/ip/util.gen 
Execute       source /tools/Xilinx/Vitis_HLS/2020.2/common/technology/xilinx/ip/xfft.gen 
Execute       source /tools/Xilinx/Vitis_HLS/2020.2/common/technology/xilinx/ip/xfir.gen 
Execute       source /tools/Xilinx/Vitis_HLS/2020.2/common/technology/xilinx/DSP48/dsp48.gen 
Execute     set_part xc7z020-clg484-1 
INFO-FLOW: DBG:set_part: XILINX_VIVADO=/tools/Xilinx/Vivado/2020.2
INFO-FLOW: DBG:set_part: RDI_DATADIR=/tools/Xilinx/Vivado/2020.2/data:/tools/Xilinx/Vitis_HLS/2020.2/data
Execute       ap_part_info -name xc7z020-clg484-1 -data single -quiet 
DBG:HLSDevice: Trying to load device library: /tools/Xilinx/Vitis_HLS/2020.2/lib/lnx64.o/librdi_hlsvwrap.so
DBG:HLSDevice: first parts/arch.xml in RDI_DATADIR: /tools/Xilinx/Vivado/2020.2/data/parts/arch.xml
Command       ap_part_info done; 0.31 sec.
Execute       ap_part_info -name xc7z020-clg484-1 -data info 
Execute       add_library xilinx/zynq/zynq:xc7z020:-clg484:-1 
Execute         get_default_platform 
Execute         open_platform DefaultPlatform 
Execute         ap_part_info -data single -name xc7z020-clg484-1 
Execute         ap_part_info -name xc7z020-clg484-1 -data resources 
Execute         config_chip_info -resource {SLICE 13300} {LUT 53200} {FF 106400} {DSP 220} {BRAM 280} {URAM 0} 
Execute         ap_part_info -name xc7z020-clg484-1 -data info 
Execute         config_chip_info -speed slow 
Execute         ap_part_info -name xc7z020-clg484-1 -data info 
Execute         config_library_info -library zynq_slow 
Execute         config_library_info -family zynq 
Execute         config_library_info -part xc7z020:-clg484:-1 
Execute         import_lib /tools/Xilinx/Vitis_HLS/2020.2/common/technology/xilinx/zynq/zynq 
Execute           source /tools/Xilinx/Vitis_HLS/2020.2/common/technology/xilinx/interface/xilinx_interface.hlp 
Execute             source /tools/Xilinx/Vitis_HLS/2020.2/common/technology/xilinx/interface/maxi.hlp 
Execute             source /tools/Xilinx/Vitis_HLS/2020.2/common/technology/xilinx/interface/saxilite.hlp 
Execute           source /tools/Xilinx/Vitis_HLS/2020.2/common/technology/xilinx/DSP48/dsp48.hlp 
Execute           source /tools/Xilinx/Vitis_HLS/2020.2/common/technology/xilinx/DSP48/zynq_dsp48e1.hlp 
Execute         source /tools/Xilinx/Vitis_HLS/2020.2/common/technology/xilinx/common/xilinx.gen 
Execute           source /tools/Xilinx/Vitis_HLS/2020.2/common/technology/xilinx/interface/plb46.gen 
Execute           source /tools/Xilinx/Vitis_HLS/2020.2/common/technology/xilinx/interface/axi4.gen 
Execute           source /tools/Xilinx/Vitis_HLS/2020.2/common/technology/xilinx/interface/nativeAXI4.gen 
Execute             source /tools/Xilinx/Vitis_HLS/2020.2/common/technology/xilinx/interface/saxilite.gen 
Execute             source /tools/Xilinx/Vitis_HLS/2020.2/common/technology/xilinx/interface/maxi.gen 
Execute           source /tools/Xilinx/Vitis_HLS/2020.2/common/technology/xilinx/scripts/xilinxcoregen.gen 
Execute           source /tools/Xilinx/Vitis_HLS/2020.2/common/technology/xilinx/interface/XilEDKCoreGen.gen 
Execute           source /tools/Xilinx/Vitis_HLS/2020.2/common/technology/xilinx/ip/dds_compiler.gen 
Execute           source /tools/Xilinx/Vitis_HLS/2020.2/common/technology/xilinx/ip/util.gen 
Execute           source /tools/Xilinx/Vitis_HLS/2020.2/common/technology/xilinx/ip/xfft.gen 
Execute           source /tools/Xilinx/Vitis_HLS/2020.2/common/technology/xilinx/ip/xfir.gen 
Execute           source /tools/Xilinx/Vitis_HLS/2020.2/common/technology/xilinx/DSP48/dsp48.gen 
INFO: [HLS 200-10] Setting target device to 'xc7z020-clg484-1'
Execute       ap_part_info -name xc7z020-clg484-1 -data info 
Execute       config_compile -quiet -complex-mul-dsp=0 
Command     set_part done; 0.39 sec.
Execute     ap_part_info -data single -name xc7z020-clg484-1 
Execute     ap_part_info -name xc7z020-clg484-1 -data resources 
Execute     config_chip_info -resource {SLICE 13300} {LUT 53200} {FF 106400} {DSP 220} {BRAM 280} {URAM 0} 
Execute     ap_part_info -name xc7z020-clg484-1 -data info 
Execute     config_chip_info -speed slow 
Execute     send_msg_by_id INFO @200-1505@%s%s  vivado 
INFO: [HLS 200-1505] Using flow_target 'vivado'
Execute     get_config_interface -m_axi_latency 
Execute     get_config_interface -m_axi_alignment_byte_size 
Execute     get_config_interface -m_axi_max_widen_bitwidth 
Execute     get_config_interface -default_interface 
Execute     get_config_interface -m_axi_offset 
Execute     get_config_rtl -register_reset_num 
Command   open_solution done; 0.55 sec.
Execute   set_part xc7z020clg484-1 
INFO: [HLS 200-1510] Running: set_part xc7z020clg484-1 
INFO-FLOW: DBG:set_part: XILINX_VIVADO=/tools/Xilinx/Vivado/2020.2
INFO-FLOW: DBG:set_part: RDI_DATADIR=/tools/Xilinx/Vivado/2020.2/data:/tools/Xilinx/Vitis_HLS/2020.2/data
Execute     ap_part_info -name xc7z020clg484-1 -data single -quiet 
Execute     ap_part_info -name xc7z020clg484-1 -data info 
Execute     add_library xilinx/zynq/zynq:xc7z020:-clg484:-1 
Execute       get_default_platform 
Execute       open_platform DefaultPlatform 
Execute       ap_part_info -data single -name xc7z020-clg484-1 
Execute       ap_part_info -name xc7z020-clg484-1 -data resources 
Execute       config_chip_info -resource {SLICE 13300} {LUT 53200} {FF 106400} {DSP 220} {BRAM 280} {URAM 0} 
Execute       ap_part_info -name xc7z020-clg484-1 -data info 
Execute       config_chip_info -speed slow 
Execute       ap_part_info -name xc7z020-clg484-1 -data info 
Execute       config_library_info -library zynq_slow 
Execute       config_library_info -family zynq 
Execute       config_library_info -part xc7z020:-clg484:-1 
Execute       import_lib /tools/Xilinx/Vitis_HLS/2020.2/common/technology/xilinx/zynq/zynq 
Execute         source /tools/Xilinx/Vitis_HLS/2020.2/common/technology/xilinx/interface/xilinx_interface.hlp 
Execute           source /tools/Xilinx/Vitis_HLS/2020.2/common/technology/xilinx/interface/maxi.hlp 
Execute           source /tools/Xilinx/Vitis_HLS/2020.2/common/technology/xilinx/interface/saxilite.hlp 
Execute         source /tools/Xilinx/Vitis_HLS/2020.2/common/technology/xilinx/DSP48/dsp48.hlp 
Execute         source /tools/Xilinx/Vitis_HLS/2020.2/common/technology/xilinx/DSP48/zynq_dsp48e1.hlp 
Execute       source /tools/Xilinx/Vitis_HLS/2020.2/common/technology/xilinx/common/xilinx.gen 
Execute         source /tools/Xilinx/Vitis_HLS/2020.2/common/technology/xilinx/interface/plb46.gen 
Execute         source /tools/Xilinx/Vitis_HLS/2020.2/common/technology/xilinx/interface/axi4.gen 
Execute         source /tools/Xilinx/Vitis_HLS/2020.2/common/technology/xilinx/interface/nativeAXI4.gen 
Execute           source /tools/Xilinx/Vitis_HLS/2020.2/common/technology/xilinx/interface/saxilite.gen 
Execute           source /tools/Xilinx/Vitis_HLS/2020.2/common/technology/xilinx/interface/maxi.gen 
Execute         source /tools/Xilinx/Vitis_HLS/2020.2/common/technology/xilinx/scripts/xilinxcoregen.gen 
Execute         source /tools/Xilinx/Vitis_HLS/2020.2/common/technology/xilinx/interface/XilEDKCoreGen.gen 
Execute         source /tools/Xilinx/Vitis_HLS/2020.2/common/technology/xilinx/ip/dds_compiler.gen 
Execute         source /tools/Xilinx/Vitis_HLS/2020.2/common/technology/xilinx/ip/util.gen 
Execute         source /tools/Xilinx/Vitis_HLS/2020.2/common/technology/xilinx/ip/xfft.gen 
Execute         source /tools/Xilinx/Vitis_HLS/2020.2/common/technology/xilinx/ip/xfir.gen 
Execute         source /tools/Xilinx/Vitis_HLS/2020.2/common/technology/xilinx/DSP48/dsp48.gen 
Execute     ap_part_info -name xc7z020-clg484-1 -data info 
Execute     config_compile -quiet -complex-mul-dsp=0 
Execute   create_clock -period 10 -name default 
INFO: [HLS 200-1510] Running: create_clock -period 10 -name default 
Execute   source ./dft_hls/text_solution2/directives.tcl 
Execute     set_directive_top -name matrix_vector matrix_vector 
INFO: [HLS 200-1510] Running: set_directive_top -name matrix_vector matrix_vector 
INFO-FLOW: Setting directive 'TOP' name=matrix_vector 
Execute     set_directive_array_partition -type cyclic -factor 2 -dim 2 matrix_vector M 
INFO: [HLS 200-1510] Running: set_directive_array_partition -type cyclic -factor 2 -dim 2 matrix_vector M 
INFO-FLOW: Setting directive 'TOP' name=matrix_vector 
INFO-FLOW: Setting directive 'ARRAY_PARTITION' partition=positionBooleanCmd variable=positionBooleanTextRequiredM cyclic=positionBoolean0type factor=2 dim=2 
Execute     set_directive_array_partition -type cyclic -factor 2 -dim 1 matrix_vector V_In 
INFO: [HLS 200-1510] Running: set_directive_array_partition -type cyclic -factor 2 -dim 1 matrix_vector V_In 
INFO-FLOW: Setting directive 'TOP' name=matrix_vector 
INFO-FLOW: Setting directive 'ARRAY_PARTITION' partition=positionBooleanCmd variable=positionBooleanTextRequiredM cyclic=positionBoolean0type factor=2 dim=2 
INFO-FLOW: Setting directive 'ARRAY_PARTITION' partition=positionBooleanCmd variable=positionBooleanTextRequiredV_In cyclic=positionBoolean0type factor=2 dim=1 
Execute     set_directive_pipeline -II 1 matrix_vector/dot_product_loop 
INFO: [HLS 200-1510] Running: set_directive_pipeline -II 1 matrix_vector/dot_product_loop 
INFO-FLOW: Setting directive 'TOP' name=matrix_vector 
INFO-FLOW: Setting directive 'ARRAY_PARTITION' partition=positionBooleanCmd variable=positionBooleanTextRequiredM cyclic=positionBoolean0type factor=2 dim=2 
INFO-FLOW: Setting directive 'ARRAY_PARTITION' partition=positionBooleanCmd variable=positionBooleanTextRequiredV_In cyclic=positionBoolean0type factor=2 dim=1 
INFO-FLOW: Setting directive 'PIPELINE' II=1 
Execute   csynth_design 
INFO: [HLS 200-1510] Running: csynth_design 
Execute     get_config_compile -effort 
Execute     get_config_compile -enable_clang39 
Execute     get_config_compile -g 
Execute     get_config_compile -ng 
Execute     get_config_compile -opt_fp 
Execute     get_config_compile -skip_cdt 
Execute     get_config_compile -skip_syncheck 
Execute     get_config_compile -skip_transform 
Execute     get_config_compile -keep_printf 
Execute     elaborate -effort=medium -skip_syncheck=0 -keep_printf=0 -skip_cdt=0 -skip_transform=0 -ng=0 -g=0 -opt_fp=0 -from_csynth_design=1 
INFO: [HLS 200-111] Finished File checks and directory preparation: CPU user time: 0.01 seconds. CPU system time: 0 seconds. Elapsed time: 0.01 seconds; current allocated memory: 76.311 MB.
INFO: [HLS 200-10] Analyzing design file 'simple_dft.cpp' ... 
INFO-FLOW: Compiling one TU...
Execute       get_config_compile -pragma_strict_mode 
INFO-FLOW: Handling simple_dft.cpp as C++
Execute       ap_part_info -name xc7z020-clg484-1 -data info 
INFO-FLOW: Running: GCC PP 39
INFO-FLOW: Source preprocessing
Execute       ap_eval exec -ignorestderr /tools/Xilinx/Vitis_HLS/2020.2/lnx64/tools/clang-3.9-csynth/bin/clang simple_dft.cpp -foptimization-record-file=/home/hayden/Documents/dft_hls/dft_hls/text_solution2/.autopilot/db/clang.simple_dft.cpp.diag.yml -mllvm -pass-remarks-missed=reflow|pasta|unroll -mllvm -pass-remarks=reflow|pasta|unroll|inline -fno-limit-debug-info -gcc-toolchain /tools/Xilinx/Vitis_HLS/2020.2/tps/lnx64/gcc-6.2.0 -fhls -fno-exceptions -E -fno-math-errno -c -emit-llvm -mllvm -disable-llvm-optzns -Werror=implicit-function-declaration -Werror=implicit-hls-streams -Werror=return-type -Wpragmas -Wunused-parameter -fno-threadsafe-statics -fno-use-cxa-atexit -std=gnu++14 -target fpga64-xilinx-linux-gnu -fno-threadsafe-statics -fno-use-cxa-atexit -I /tools/Xilinx/Vitis_HLS/2020.2/common/technology/autopilot/39 -D__VITIS_HLS__ -DAESL_SYN -D__SYNTHESIS__ -D__HLS_SYN__ -I /tools/Xilinx/Vitis_HLS/2020.2/common/technology/autopilot -I /tools/Xilinx/Vitis_HLS/2020.2/common/technology/autopilot/ap_sysc -include etc/autopilot_ssdm_op.h -D__DSP48E1__ -o /home/hayden/Documents/dft_hls/dft_hls/text_solution2/.autopilot/db/simple_dft.pp.0.cpp > /home/hayden/Documents/dft_hls/dft_hls/text_solution2/.autopilot/db/clang.simple_dft.cpp.out.log 2> /home/hayden/Documents/dft_hls/dft_hls/text_solution2/.autopilot/db/clang.simple_dft.cpp.err.log 
INFO-FLOW: Done: GCC PP 39 time: 0 seconds per iteration
Execute       set_directive_top matrix_vector -name=matrix_vector 
INFO-FLOW: Setting directive 'TOP' name=matrix_vector 
INFO-FLOW: Setting directive 'ARRAY_PARTITION' partition=positionBooleanCmd variable=positionBooleanTextRequiredM cyclic=positionBoolean0type factor=2 dim=2 
INFO-FLOW: Setting directive 'ARRAY_PARTITION' partition=positionBooleanCmd variable=positionBooleanTextRequiredV_In cyclic=positionBoolean0type factor=2 dim=1 
INFO-FLOW: Setting directive 'PIPELINE' II=1 
INFO-FLOW: Setting directive 'TOP' name=matrix_vector 
INFO-FLOW: Setting directive 'TOP' name=matrix_vector 
INFO-FLOW: Setting directive 'ARRAY_PARTITION' partition=positionBooleanCmd variable=positionBooleanTextRequiredM cyclic=positionBoolean0type factor=2 dim=2 
INFO-FLOW: Setting directive 'ARRAY_PARTITION' partition=positionBooleanCmd variable=positionBooleanTextRequiredV_In cyclic=positionBoolean0type factor=2 dim=1 
INFO-FLOW: Setting directive 'PIPELINE' II=1 
INFO-FLOW: Setting directive 'TOP' name=matrix_vector 
Execute       source /tools/Xilinx/Vitis_HLS/2020.2/tps/tcl/tcllib1.11.1/yaml/huddle.tcl 
Execute       source /tools/Xilinx/Vitis_HLS/2020.2/tps/tcl/tcllib1.11.1/yaml/json2huddle.tcl 
Execute         source /tools/Xilinx/Vitis_HLS/2020.2/tps/tcl/tcllib1.11.1/try/try.tcl 
INFO-FLOW: Setting directive 'TOP' name=matrix_vector 
INFO-FLOW: Setting directive 'ARRAY_PARTITION' partition=positionBooleanCmd variable=positionBooleanTextRequiredM cyclic=positionBoolean0type factor=2 dim=2 
INFO-FLOW: Setting directive 'ARRAY_PARTITION' partition=positionBooleanCmd variable=positionBooleanTextRequiredV_In cyclic=positionBoolean0type factor=2 dim=1 
INFO-FLOW: Setting directive 'PIPELINE' II=1 
INFO-FLOW: Setting directive 'TOP' name=matrix_vector 
Execute       list_core -type functional_unit 
Execute       clang_tidy xilinx-systemc-detector /home/hayden/Documents/dft_hls/dft_hls/text_solution2/.autopilot/db/simple_dft.pp.0.cpp std=gnu++14 -target fpga  -directive=/home/hayden/Documents/dft_hls/dft_hls/text_solution2/.autopilot/db/.systemc_flag 
INFO-FLOW: exec /tools/Xilinx/Vitis_HLS/2020.2/lnx64/tools/clang-3.9-csynth/bin/clang-tidy -header-filter=.* --checks=-*,xilinx-systemc-detector -import-directive=/home/hayden/Documents/dft_hls/dft_hls/text_solution2/.autopilot/db/.systemc_flag -fix-errors /home/hayden/Documents/dft_hls/dft_hls/text_solution2/.autopilot/db/simple_dft.pp.0.cpp -- -std=gnu++14 -target fpga -fhls -ferror-limit=0
INFO-FLOW: Running: clang-tidy CDT preprocess 39
Execute       clang_tidy xilinx-directive2pragma /home/hayden/Documents/dft_hls/dft_hls/text_solution2/.autopilot/db/simple_dft.pp.0.cpp std=gnu++14 -target fpga  -directive=/home/hayden/Documents/dft_hls/dft_hls/text_solution2/.autopilot/db/all.directive.json 
INFO-FLOW: exec /tools/Xilinx/Vitis_HLS/2020.2/lnx64/tools/clang-3.9-csynth/bin/clang-tidy -header-filter=.* --checks=-*,xilinx-directive2pragma -import-directive=/home/hayden/Documents/dft_hls/dft_hls/text_solution2/.autopilot/db/all.directive.json -fix-errors /home/hayden/Documents/dft_hls/dft_hls/text_solution2/.autopilot/db/simple_dft.pp.0.cpp -- -std=gnu++14 -target fpga -fhls -ferror-limit=0
Execute       clang_tidy xilinx-constantarray-param,xilinx-remove-assert /home/hayden/Documents/dft_hls/dft_hls/text_solution2/.autopilot/db/simple_dft.pp.0.cpp std=gnu++14 -target fpga  
INFO-FLOW: exec /tools/Xilinx/Vitis_HLS/2020.2/lnx64/tools/clang-3.9-csynth/bin/clang-tidy -header-filter=.* --checks=-*,xilinx-constantarray-param,xilinx-remove-assert -fix-errors /home/hayden/Documents/dft_hls/dft_hls/text_solution2/.autopilot/db/simple_dft.pp.0.cpp -- -std=gnu++14 -target fpga -fhls -ferror-limit=0
INFO-FLOW: Done: clang-tidy CDT preprocess 39 time: 0 seconds per iteration
INFO-FLOW: Calling xilinx-label-all-loops ... 
Execute       clang_tidy -errorcheck xilinx-label-all-loops,xilinx-top-parameters,xilinx-array-stream-check,xilinx-warn-mayneed-no-ctor-attribute /home/hayden/Documents/dft_hls/dft_hls/text_solution2/.autopilot/db/simple_dft.pp.0.cpp std=gnu++14 -target fpga  
Execute         ap_eval exec -ignorestderr /tools/Xilinx/Vitis_HLS/2020.2/lnx64/tools/clang-3.9-csynth/bin/clang-tidy -export-fixes=/home/hayden/Documents/dft_hls/dft_hls/text_solution2/.autopilot/db/clang-tidy.simple_dft.pp.0.cpp.diag.yml -header-filter=.* --checks=-*,xilinx-label-all-loops,xilinx-top-parameters,xilinx-array-stream-check,xilinx-warn-mayneed-no-ctor-attribute -fix-errors /home/hayden/Documents/dft_hls/dft_hls/text_solution2/.autopilot/db/simple_dft.pp.0.cpp -- -std=gnu++14 -target fpga -fhls -ferror-limit=0 > /home/hayden/Documents/dft_hls/dft_hls/text_solution2/.autopilot/db/clang-tidy.simple_dft.pp.0.cpp.out.log 2> /home/hayden/Documents/dft_hls/dft_hls/text_solution2/.autopilot/db/clang-tidy.simple_dft.pp.0.cpp.err.log 
Execute       get_config_dataflow -strict_mode 
Execute       ap_eval exec -ignorestderr /tools/Xilinx/Vitis_HLS/2020.2/lnx64/tools/clang-3.9-csynth/bin/xilinx-dataflow-lawyer -export-fixes=/home/hayden/Documents/dft_hls/dft_hls/text_solution2/.autopilot/db/xilinx-dataflow-lawyer.simple_dft.pp.0.cpp.diag.yml /home/hayden/Documents/dft_hls/dft_hls/text_solution2/.autopilot/db/simple_dft.pp.0.cpp -- -std=gnu++14 -target fpga -fhls -ferror-limit=0 -fstrict-dataflow > /home/hayden/Documents/dft_hls/dft_hls/text_solution2/.autopilot/db/xilinx-dataflow-lawyer.simple_dft.pp.0.cpp.out.log 2> /home/hayden/Documents/dft_hls/dft_hls/text_solution2/.autopilot/db/xilinx-dataflow-lawyer.simple_dft.pp.0.cpp.err.log 
Execute       ap_part_info -name xc7z020-clg484-1 -data info 
INFO-FLOW: compiling source code to llvm bc
Execute       ap_eval exec -ignorestderr /tools/Xilinx/Vitis_HLS/2020.2/lnx64/tools/clang-3.9-csynth/bin/clang -foptimization-record-file=/home/hayden/Documents/dft_hls/dft_hls/text_solution2/.autopilot/db/clang.simple_dft.pp.0.cpp.diag.yml -mllvm -pass-remarks-missed=reflow|pasta|unroll -mllvm -pass-remarks=reflow|pasta|unroll|inline -fno-limit-debug-info -fhls -flto -fno-exceptions -Wno-error=c++11-narrowing /home/hayden/Documents/dft_hls/dft_hls/text_solution2/.autopilot/db/simple_dft.pp.0.cpp -fno-math-errno -c -emit-llvm -mllvm -disable-llvm-optzns -Werror=implicit-function-declaration -Werror=implicit-hls-streams -Werror=return-type -Wpragmas -Wunused-parameter -fno-threadsafe-statics -fno-use-cxa-atexit -std=gnu++14 -target fpga64-xilinx-linux-gnu -D__VITIS_HLS__ -DAESL_SYN -D__SYNTHESIS__ -D__HLS_SYN__ -I /tools/Xilinx/Vitis_HLS/2020.2/common/technology/autopilot -I /tools/Xilinx/Vitis_HLS/2020.2/common/technology/autopilot/ap_sysc -include etc/autopilot_ssdm_op.h -D__DSP48E1__ -g -o /home/hayden/Documents/dft_hls/dft_hls/text_solution2/.autopilot/db/simple_dft.bc > /home/hayden/Documents/dft_hls/dft_hls/text_solution2/.autopilot/db/clang.simple_dft.pp.0.cpp.out.log 2> /home/hayden/Documents/dft_hls/dft_hls/text_solution2/.autopilot/db/clang.simple_dft.pp.0.cpp.err.log 
INFO: [HLS 200-111] Finished Source Code Analysis and Preprocessing: CPU user time: 0.16 seconds. CPU system time: 0.11 seconds. Elapsed time: 0.14 seconds; current allocated memory: 76.674 MB.
INFO-FLOW: Linking Debug ...
INFO-FLOW: Linking dut bc code.
Execute       run_link_or_opt -out /home/hayden/Documents/dft_hls/dft_hls/text_solution2/.autopilot/db/a.g.ld.0.bc -args  "/home/hayden/Documents/dft_hls/dft_hls/text_solution2/.autopilot/db/simple_dft.g.bc"  
Execute         ap_eval exec -ignorestderr /tools/Xilinx/Vitis_HLS/2020.2/lnx64/tools/clang-3.9-csynth/bin/llvm-link /home/hayden/Documents/dft_hls/dft_hls/text_solution2/.autopilot/db/simple_dft.g.bc -o /home/hayden/Documents/dft_hls/dft_hls/text_solution2/.autopilot/db/a.g.ld.0.bc > /home/hayden/Documents/dft_hls/dft_hls/text_solution2/.autopilot/db/llvm-link.a.g.ld.0.bc.out.log 2> /home/hayden/Documents/dft_hls/dft_hls/text_solution2/.autopilot/db/llvm-link.a.g.ld.0.bc.err.log 
INFO-FLOW: 
Execute       run_link_or_opt -opt -out /home/hayden/Documents/dft_hls/dft_hls/text_solution2/.autopilot/db/a.g.ld.1.lower.bc -args /home/hayden/Documents/dft_hls/dft_hls/text_solution2/.autopilot/db/a.g.ld.0.bc -reflow-lower-math-intrinsics 
Execute         ap_eval exec -ignorestderr /tools/Xilinx/Vitis_HLS/2020.2/lnx64/tools/clang-3.9-csynth/bin/opt -pass-remarks-missed=reflow|pasta|unroll -pass-remarks=reflow|pasta|unroll|inline -pass-remarks-output=/home/hayden/Documents/dft_hls/dft_hls/text_solution2/.autopilot/db/opt.a.g.ld.1.lower.bc.diag.yml /home/hayden/Documents/dft_hls/dft_hls/text_solution2/.autopilot/db/a.g.ld.0.bc -reflow-lower-math-intrinsics -o /home/hayden/Documents/dft_hls/dft_hls/text_solution2/.autopilot/db/a.g.ld.1.lower.bc > /home/hayden/Documents/dft_hls/dft_hls/text_solution2/.autopilot/db/opt.a.g.ld.1.lower.bc.out.log 2> /home/hayden/Documents/dft_hls/dft_hls/text_solution2/.autopilot/db/opt.a.g.ld.1.lower.bc.err.log 
INFO-FLOW: 
INFO-FLOW: Linking math bc lib
Execute       run_link_or_opt -out /home/hayden/Documents/dft_hls/dft_hls/text_solution2/.autopilot/db/a.g.ld.2.m1.bc -args /home/hayden/Documents/dft_hls/dft_hls/text_solution2/.autopilot/db/a.g.ld.1.lower.bc -only-needed /tools/Xilinx/Vitis_HLS/2020.2/lnx64/lib/libhlsm_39.bc /tools/Xilinx/Vitis_HLS/2020.2/lnx64/lib/libhlsmc++_39.bc 
Execute         ap_eval exec -ignorestderr /tools/Xilinx/Vitis_HLS/2020.2/lnx64/tools/clang-3.9-csynth/bin/llvm-link /home/hayden/Documents/dft_hls/dft_hls/text_solution2/.autopilot/db/a.g.ld.1.lower.bc -only-needed /tools/Xilinx/Vitis_HLS/2020.2/lnx64/lib/libhlsm_39.bc /tools/Xilinx/Vitis_HLS/2020.2/lnx64/lib/libhlsmc++_39.bc -o /home/hayden/Documents/dft_hls/dft_hls/text_solution2/.autopilot/db/a.g.ld.2.m1.bc > /home/hayden/Documents/dft_hls/dft_hls/text_solution2/.autopilot/db/llvm-link.a.g.ld.2.m1.bc.out.log 2> /home/hayden/Documents/dft_hls/dft_hls/text_solution2/.autopilot/db/llvm-link.a.g.ld.2.m1.bc.err.log 
Command         ap_eval done; 1.24 sec.
INFO-FLOW: 
Command       run_link_or_opt done; 1.24 sec.
Execute       run_link_or_opt -opt -out /home/hayden/Documents/dft_hls/dft_hls/text_solution2/.autopilot/db/a.g.ld.3.fpc.bc -args /home/hayden/Documents/dft_hls/dft_hls/text_solution2/.autopilot/db/a.g.ld.2.m1.bc -reflow-globaldce -hls-top-function-name=matrix_vector -reflow-float-conversion 
Execute         ap_eval exec -ignorestderr /tools/Xilinx/Vitis_HLS/2020.2/lnx64/tools/clang-3.9-csynth/bin/opt -pass-remarks-missed=reflow|pasta|unroll -pass-remarks=reflow|pasta|unroll|inline -pass-remarks-output=/home/hayden/Documents/dft_hls/dft_hls/text_solution2/.autopilot/db/opt.a.g.ld.3.fpc.bc.diag.yml /home/hayden/Documents/dft_hls/dft_hls/text_solution2/.autopilot/db/a.g.ld.2.m1.bc -reflow-globaldce -hls-top-function-name=matrix_vector -reflow-float-conversion -o /home/hayden/Documents/dft_hls/dft_hls/text_solution2/.autopilot/db/a.g.ld.3.fpc.bc > /home/hayden/Documents/dft_hls/dft_hls/text_solution2/.autopilot/db/opt.a.g.ld.3.fpc.bc.out.log 2> /home/hayden/Documents/dft_hls/dft_hls/text_solution2/.autopilot/db/opt.a.g.ld.3.fpc.bc.err.log 
Command         ap_eval done; 0.42 sec.
INFO-FLOW: 
Command       run_link_or_opt done; 0.42 sec.
Execute       run_link_or_opt -out /home/hayden/Documents/dft_hls/dft_hls/text_solution2/.autopilot/db/a.g.ld.4.m2.bc -args /home/hayden/Documents/dft_hls/dft_hls/text_solution2/.autopilot/db/a.g.ld.3.fpc.bc -only-needed /tools/Xilinx/Vitis_HLS/2020.2/lnx64/lib/libfloatconversion_39.bc 
Execute         ap_eval exec -ignorestderr /tools/Xilinx/Vitis_HLS/2020.2/lnx64/tools/clang-3.9-csynth/bin/llvm-link /home/hayden/Documents/dft_hls/dft_hls/text_solution2/.autopilot/db/a.g.ld.3.fpc.bc -only-needed /tools/Xilinx/Vitis_HLS/2020.2/lnx64/lib/libfloatconversion_39.bc -o /home/hayden/Documents/dft_hls/dft_hls/text_solution2/.autopilot/db/a.g.ld.4.m2.bc > /home/hayden/Documents/dft_hls/dft_hls/text_solution2/.autopilot/db/llvm-link.a.g.ld.4.m2.bc.out.log 2> /home/hayden/Documents/dft_hls/dft_hls/text_solution2/.autopilot/db/llvm-link.a.g.ld.4.m2.bc.err.log 
INFO-FLOW: 
Execute       run_link_or_opt -opt -out /home/hayden/Documents/dft_hls/dft_hls/text_solution2/.autopilot/db/a.g.ld.5.gdce.bc -args /home/hayden/Documents/dft_hls/dft_hls/text_solution2/.autopilot/db/a.g.ld.4.m2.bc -reflow-globaldce -hls-top-function-name=matrix_vector 
Execute         ap_eval exec -ignorestderr /tools/Xilinx/Vitis_HLS/2020.2/lnx64/tools/clang-3.9-csynth/bin/opt -pass-remarks-missed=reflow|pasta|unroll -pass-remarks=reflow|pasta|unroll|inline -pass-remarks-output=/home/hayden/Documents/dft_hls/dft_hls/text_solution2/.autopilot/db/opt.a.g.ld.5.gdce.bc.diag.yml /home/hayden/Documents/dft_hls/dft_hls/text_solution2/.autopilot/db/a.g.ld.4.m2.bc -reflow-globaldce -hls-top-function-name=matrix_vector -o /home/hayden/Documents/dft_hls/dft_hls/text_solution2/.autopilot/db/a.g.ld.5.gdce.bc > /home/hayden/Documents/dft_hls/dft_hls/text_solution2/.autopilot/db/opt.a.g.ld.5.gdce.bc.out.log 2> /home/hayden/Documents/dft_hls/dft_hls/text_solution2/.autopilot/db/opt.a.g.ld.5.gdce.bc.err.log 
INFO-FLOW: 
Execute       get_solution -flow_target 
Execute       get_config_export -xo 
Execute       get_config_export -format 
Execute       get_config_rtl -module_prefix 
Execute       get_config_interface -default_slave_interface 
Execute       get_solution -flow_target 
Execute       get_config_export -xo 
Execute       get_config_export -format 
Execute       get_config_interface -m_axi_offset 
Execute       get_config_interface -m_axi_latency 
Execute       get_config_interface -m_axi_alignment_byte_size 
Execute       get_config_interface -m_axi_min_bitwidth 
Execute       get_config_interface -m_axi_max_bitwidth 
Execute       get_config_interface -m_axi_max_widen_bitwidth 
Execute       get_config_interface -m_axi_num_read_outstanding 
Execute       get_config_interface -m_axi_num_write_outstanding 
Execute       get_config_interface -m_axi_max_read_burst_length 
Execute       get_config_interface -m_axi_max_write_burst_length 
Execute       get_config_interface -m_axi_min_bitwidth 
Execute       get_config_interface -m_axi_max_bitwidth 
Execute       get_config_interface -m_axi_latency 
Execute       get_config_interface -m_axi_min_bitwidth 
Execute       get_config_interface -m_axi_max_bitwidth 
Execute       get_config_interface -m_axi_max_widen_bitwidth 
Execute       get_config_interface -m_axi_auto_max_ports 
Execute       get_config_interface -m_axi_num_read_outstanding 
Execute       get_config_interface -m_axi_num_write_outstanding 
Execute       get_config_interface -m_axi_max_read_burst_length 
Execute       get_config_interface -m_axi_max_write_burst_length 
Execute       get_config_interface -s_axilite_data64 
Execute       get_config_interface -m_axi_alignment_byte_size 
Execute       get_config_compile -pragma_strict_mode 
Execute       get_config_compile -pipeline_style 
Execute       send_msg_by_id INFO @200-777@%s Vivado 
INFO: [HLS 200-777] Using interface defaults for 'Vivado' flow target.
Execute       is_m_axi_addr64 
INFO-FLOW: Doing LTO.
Execute       ap_eval exec -ignorestderr /tools/Xilinx/Vitis_HLS/2020.2/lnx64/tools/clang-3.9-csynth/bin/clang -foptimization-record-file=/home/hayden/Documents/dft_hls/dft_hls/text_solution2/.autopilot/db/clang.a.g.ld.0.bc.diag.yml -mllvm -pass-remarks-missed=reflow|pasta|unroll -mllvm -pass-remarks=reflow|pasta|unroll|inline -fhls -mllvm -hls-top-function-name=matrix_vector -mllvm -hls-db-dir -mllvm /home/hayden/Documents/dft_hls/dft_hls/text_solution2/.autopilot/db -emit-llvm -c -target fpga64-xilinx-none -mllvm -xcl-xmlinfo=/home/hayden/Documents/dft_hls/dft_hls/text_solution2/.autopilot/db/kernel.internal.xml -mllvm -top-io-mapping-info=/home/hayden/Documents/dft_hls/dft_hls/text_solution2/.autopilot/db/top-io-fe.xml -mllvm -hls-bitcode-version=3.1 -mllvm -reflow-enable-slave-interface-default-setting=true -mllvm -gen-kernel-xml=false -mllvm -default-maxi-offset=off -mllvm -maxi-latency=0 -mllvm -hls-maxi-data-size-in-bits=8 -mllvm -hls-maxi-max-data-size-in-bits=1024 -mllvm -hls-max-widen-size-in-bits=0 -mllvm -xcl-kernel-max-mem-ports=0 -mllvm -maxi-read-trans=16 -mllvm -maxi-write-trans=16 -mllvm -maxi-read-burst-len=16 -mllvm -maxi-write-burst-len=16 -mllvm -reflow-enable-saxi-64bits=0 -mllvm -assume-maxi-align=0 -mllvm -no-unaligned-maxi-accesses -mllvm -reflow-pipeline-style-llvm-setting=0 -mllvm -disable-inlined-alloca-merging=true -x ir /home/hayden/Documents/dft_hls/dft_hls/text_solution2/.autopilot/db/a.g.ld.5.gdce.bc -o /home/hayden/Documents/dft_hls/dft_hls/text_solution2/.autopilot/db/a.g.lto.bc > /home/hayden/Documents/dft_hls/dft_hls/text_solution2/.autopilot/db/clang.a.g.ld.0.bc.out.log 2> /home/hayden/Documents/dft_hls/dft_hls/text_solution2/.autopilot/db/clang.a.g.ld.0.bc.err.log 
Execute       source /tools/Xilinx/Vitis_HLS/2020.2/tps/tcl/tcllib1.11.1/yaml/yaml.tcl 
Execute         source /tools/Xilinx/Vitis_HLS/2020.2/tps/tcl/tcllib1.11.1/cmdline/cmdline.tcl 
INFO: [HLS 214-248] cyclic partitioned array 'M' on dimension 2 with 2 (simple_dft.cpp:5:63)
INFO: [HLS 214-248] cyclic partitioned array 'V_In' on dimension 1 with 2 (simple_dft.cpp:6:9)
INFO-FLOW: DBG:CMD: copy_raw_kernel_xml ap_link_39: kernel.xml not generated: /home/hayden/Documents/dft_hls/dft_hls/text_solution2/.autopilot/db/kernel.internal.xml
INFO: [HLS 200-111] Finished Compiling Optimization and Transform: CPU user time: 2.39 seconds. CPU system time: 0.12 seconds. Elapsed time: 1.83 seconds; current allocated memory: 79.275 MB.
INFO: [HLS 200-111] Finished Checking Pragmas: CPU user time: 0 seconds. CPU system time: 0 seconds. Elapsed time: 0 seconds; current allocated memory: 79.276 MB.
Execute       opt_and_import_c a -opt_level=2 -skip_syncheck=0 -ng=0 -keep_printf=0 
Execute         cleanup_all_models 
INFO: [HLS 200-10] Starting code transformations ...
INFO-FLOW: Running Standard Transforms...
Execute         transform -hls -share-std-xform -demangle-name -inline-byval-memcpy -always-inline -promote-dbg-pointer -interface-preproc -mem2reg -scalarrepl -mem2reg -keep-read-access -instcombine -dce -promote-dbg-pointer -bitop-raise -loop-simplify -indvarspre -indvars -loop-simplify -xunroll -constprop -instcombine -simplifycfg -indvars -simplifycfg -dce -globaldce -basicaa -simplifycfg -mem2reg -globalopt -global-constprop -deadargelim -instcombine -simplifycfg -scalarrepl -instcombine -reassociate -licm -simplifycfg -loop-simplify -indvars -instcombine -simplifycfg -mem2reg -loop-simplify -indvars -instcombine -gvn -gvn -instcombine -adce -break-crit-edges -simplifycfg -loop-delete -global-array-opt -dce -dse -adce -find-syn-modules -top matrix_vector -deadargelim -mem2reg -instcombine -dce -presyn-prepare -auto-rom-infer -interface-preproc -syn-check -check-rec-only -find-region -simplifycfg -func-extr -function-inline -globaldce -mem2reg -instcombine -dce -gvn -globaldce -adce -adse -constprop -instcombine -bit-constprop -instcombine -dce -simplifycfg -bitop-raise -simplifycfg -dce -loop-delete -reassociate -globalopt -global-privatize -mem2reg -dce -global-constprop -pointer-simplify -constprop -dce -func-inst -deadargelim -auto-shift-reg-idiom -promote-dbg-pointer -norm-name /home/hayden/Documents/dft_hls/dft_hls/text_solution2/.autopilot/db/a.g.0.bc -o /home/hayden/Documents/dft_hls/dft_hls/text_solution2/.autopilot/db/a.g.1.bc -f -phase std-opt 
INFO: [HLS 200-111] Finished Standard Transforms: CPU user time: 0.01 seconds. CPU system time: 0 seconds. Elapsed time: 0.01 seconds; current allocated memory: 80.509 MB.
INFO: [HLS 200-10] Checking synthesizability ...
INFO-FLOW: Checking Synthesizability 1/2..
Execute         transform -hls -syn-check -check-rec-only -disaggr -scalarrepl -norm-name -dce -mem2reg -instcombine -function-uniquify -directive-preproc -mem2reg -dse -dce -auto-rom-infer -dce -pag -array-normalize -instcombine -dce -array-seg-normalize -instcombine -dce -data-pack -instcombine -dce -inst-simplify -array-flatten -instcombine -dce -array-burst -dce -deadargelim -promote-global-argument -simplifycfg -mem2reg -globaldce -dce -deadargelim -dce -instcombine -function-inline -globaldce -dce -doublePtrSimplify -doublePtrElim -dce -doublePtrSimplify -promote-dbg-pointer -dce -scalarrepl -dse -adse -instcombine -ptrLegalization -simplifycfg -dce -instcombine -pointer-simplify -ptrArgReplace -dce -instcombine -resolve-double-ptr -disaggr -scalarrepl -norm-name -dce -mem2reg -instcombine -ptrLegalization -simplifycfg -deadargelim -instcombine -dce -inst-simplify -function-uniquify -directive-preproc -mem2reg -dse -dce -globaldce -check-dspbuiltin /home/hayden/Documents/dft_hls/dft_hls/text_solution2/.autopilot/db/a.g.1.bc -o /home/hayden/Documents/dft_hls/dft_hls/text_solution2/.autopilot/db/a.g.2.prechk.bc -f 
INFO-FLOW: Checking Synthesizability 2/2..
Execute         transform -syn-check /home/hayden/Documents/dft_hls/dft_hls/text_solution2/.autopilot/db/a.g.2.prechk.bc -o /home/hayden/Documents/dft_hls/dft_hls/text_solution2/.autopilot/db/a.g.2.bc -f -phase syn-check 
INFO: [HLS 200-111] Finished Checking Synthesizability: CPU user time: 0.01 seconds. CPU system time: 0 seconds. Elapsed time: 0.01 seconds; current allocated memory: 79.728 MB.
INFO-FLOW: Compiler optimizing ...
INFO-FLOW: Share syncheck's 1.bc for syn flow: copy /home/hayden/Documents/dft_hls/dft_hls/text_solution2/.autopilot/db/a.g.1.bc to /home/hayden/Documents/dft_hls/dft_hls/text_solution2/.autopilot/db/a.o.1.bc
INFO-FLOW: Presyn 1...
Execute         transform -hls -tmp /home/hayden/Documents/dft_hls/dft_hls/text_solution2/.autopilot/db -interface-port-rename -function-uniquify -directive-preproc -mem2reg -dse -dce -disaggr -scalarrepl -norm-name -deadargelim -mem2reg -instcombine -dce -simplifycfg -auto-rom-infer -dce -function-uniquify -resource-proc -clib-intrinsic-prepare -dce -func-buffer -dce -pag -array-normalize -func-legal -instcombine -gvn -constprop -dce -simplifycfg -mem2reg -globaldce -resolve-double-ptr -dce -deadargelim -dce -instcombine -ptrArgReplace -mem2reg -dce -array-seg-normalize -deadargelim -instcombine -dce -function-uniquify -directive-preproc -mem2reg -dse -dce -pointer-simplify -dce -port-alignment -dce -interface-preproc -data-pack -instcombine -dce -basicaa -aggr-aa -aggrmodref-aa -aggr-aa -gvn -gvn -basicaa -aggr-aa -aggrmodref-aa -aggr-aa -dse -adse -adce -loop-simplify -indvars -instcombine -gvn -loop-simplify -mem2reg -dce -find-region -instcombine -auto-loop-pipeline -inst-simplify -interface-preproc -cfgopt -instcombine -indvars -auto-loop-unroll -loop-simplify -loop-bound -xunroll -constprop -instcombine -simplifycfg -indvars -simplifycfg -dce -globaldce -clean-region -attach-range -gvn -inst-simplify -constprop -simplifycfg -dce -pointer-simplify -dce -globalopt -constprop -dce -array-promote -constprop -dce -ptrArgReplace -mem2reg -simplifycfg -dce -instcombine -dce -array-transform-check -array-reshape -instcombine -simplifycfg -dce -ptrArgReplace -deadargelim -mem2reg -instcombine -simplifycfg -dce -indvars -loop-simplify -loop-bound -xunroll -constprop -instcombine -simplifycfg -indvars -simplifycfg -dce -globaldce -basicaa -aggr-aa -aggrmodref-aa -aggr-aa -dse -duplicate-dataflow-processes -globaldce -instcombine -array-partition -instcombine -simplifycfg -dce -ptrArgReplace -global-constprop -deadargelim -mem2reg -func-legal -dce -global-constprop -deadargelim -mem2reg -simplifycfg -dce -merge-param -deadargelim -globalopt -constprop -dce -array-promote -constprop -dce -ptrArgReplace -mem2reg -simplifycfg -dce -mem-intrinsic-preproc -dce -global-internalize -global-privatize -mem2reg -globaldce -promote-global-argument -ptrArgReplace -mem2reg -dce -globalopt -mergereturn -simplify-global-access -mem2reg -dce -pointer-simplify -dce -functionattrs -basicaa -aggr-aa -aggrmodref-aa -aggr-aa -gvn -gvn -basicaa -aggr-aa -aggrmodref-aa -aggr-aa -dse -adse -adce -dce -norm-name -basicaa -aggr-aa -aggrmodref-aa -aggr-aa -accesses-merge -function-inline -complex-op-raise -inst-simplify -globaldce -func-inst -constprop -instcombine -simplifycfg -dce -func-legal -dce -loop-bound -arraycheck -bitwidthmin2 -bitwidthmin2 -on-by-dataflow -loop-delete -instcombine -simplifycfg -globaldce -dce -gvn -deadargelim -dce -loop-simplify -clean-region -simplifycfg -propagate-stable-arguments -loop-stream -instcombine -simplifycfg -dce -globaldce -duplicate-dataflow-processes -stream-intrinsic-preproc -dce -check-ap-stream -loop-simplify -eliminate-keepreads -extract-dataflow-in-loop -loop-simplify -dce -gvn -deadargelim -dse -check-dataflow-syntax -legalize-stream-variable -legalize-global -extract-subproc -dce -dead-channel-elimination -canonicalize-gep -globaldce -dce -gvn -hls-dead-arg-elim -deadargelim -directive-preproc -annotate-dataflow-channels -scalar-propagation -deadargelim -globaldce -mem2reg -check-dataflow-channels -function-stream -dce -globaldce -prop-fifo-spec -internal-stream-gen -canonicalize-gep -globaldce -dce -gvn -deadargelim -mergereturn -indvars -loop-simplify -instcombine -array-stream -array-seg-normalize -array-partition -func-legal -instcombine -simplifycfg -dce -bundle-memfifo-ops -deadargelim -function-uniquify -directive-preproc -mem2reg -dse -dce -group-axi-access -licm -simplifycfg -dce -loop-delete -norm-name /home/hayden/Documents/dft_hls/dft_hls/text_solution2/.autopilot/db/a.o.1.bc -o /home/hayden/Documents/dft_hls/dft_hls/text_solution2/.autopilot/db/a.o.1.tmp.bc -f 
INFO-FLOW: Presyn 2...
Execute         transform -hls -keep-callgraph -scalarrepl -mem2reg -port-alignment -attach-range -dce -pipe-mux-gen -indvars -loop-bound -inst-simplify -instcombine -dce -merge-array-access -mem2reg -dce -clean-region -mergereturn -if-conv -instcombine -dce -constprop -basicaa -aggr-aa -aggrmodref-aa -aggr-aa -gvn -gvn -basicaa -aggr-aa -aggrmodref-aa -aggr-aa -dse -adse -adce -scalarrepl -mem2reg -global-constprop -deadargelim -deadargelim -instcombine -dce -simplifycfg -ptrArgReplace -mem2reg -function-inline -globaldce -mem2reg -instcombine -dce -expr-balance -instcombine -dce -bitwidthmin2 -bitwidthmin2 -interface-preproc -directive-preproc -inst-rectify -instcombine -dce -functionattrs -constprop -instcombine -bit-constprop -simplify-global-access -globalopt -globaldce -inst-simplify -instcombine -elimdeaddata -dce -loop-delete -simplifycfg -loop-simplify -auto-burst -barrier -norm-name /home/hayden/Documents/dft_hls/dft_hls/text_solution2/.autopilot/db/a.o.1.tmp.bc -o /home/hayden/Documents/dft_hls/dft_hls/text_solution2/.autopilot/db/a.o.2.bc -f -phase presyn 
INFO: [XFORM 203-401] Performing if-conversion on hyperblock from (simple_dft.cpp:6:12) in function 'matrix_vector'... converting 4 basic blocks.
INFO: [HLS 200-111] Finished Loop, function and other optimizations: CPU user time: 0.04 seconds. CPU system time: 0 seconds. Elapsed time: 0.05 seconds; current allocated memory: 100.137 MB.
Execute         get_config_compile -enable_loop_extract 
Execute         get_config_compile -disable_auto_rewind 
Execute         get_config_compile -enable_auto_rewind 
INFO-FLOW: Building ssdm...
Execute         transform -hls -function-uniquify -auto-function-inline -globaldce -ptrArgReplace -mem2reg -dce -reset-lda -loop-simplify -indvars -aggr-aa -licm -loop-dep -loop-bound -licm -loop-simplify -flattenloopnest -array-flatten -gvn -instcombine -dce -array-map -dce -func-legal -gvn -adce -instcombine -cfgopt -simplifycfg -loop-simplify -array-burst -promote-global-argument -dce -array-seg-normalize -basicaa -aggrmodref-aa -globalsmodref-aa -aggr-aa -gvn -gvn -basicaa -aggrmodref-aa -globalsmodref-aa -aggr-aa -dse -adse -adce -licm -inst-simplify -dce -globaldce -instcombine -array-stream -eliminate-keepreads -instcombine -dce -deadargelim -doublePtrSimplify -doublePtrElim -dce -doublePtrSimplify -promote-dbg-pointer -dce -scalarrepl -mem2reg -disaggr -norm-name -mem2reg -instcombine -dse -adse -adce -ptrLegalization -dce -auto-rom-infer -array-flatten -dce -instcombine -check-doubleptr -loop-rot -constprop -cfgopt -simplifycfg -loop-simplify -indvars -pointer-simplify -dce -loop-bound -loop-simplify -loop-preproc -constprop -global-constprop -gvn -mem2reg -instcombine -dce -loop-bound -loop-merge -dce -bitwidthmin2 -bitwidthmin2 -deadargelim -dce -canonicalize-dataflow -dce -scalar-propagation -deadargelim -globaldce -mem2reg -read-loop-dep -interface-preproc -directive-preproc -interface-gen -bram-byte-enable -deadargelim -inst-simplify -dce -gvn -mem2reg -instcombine -dce -adse -loop-bound -instcombine -cfgopt -simplifycfg -loop-simplify -clean-region -io-protocol -find-region -mem2reg -bitop-raise -complex-op-raise -inst-simplify -inst-rectify -instcombine -adce -deadargelim -loop-simplify -phi-opt -bitop-raise -cfgopt -simplifycfg -strip-dead-prototypes -interface-lower -bitop-lower -intrinsic-lower -auto-function-inline -basicaa -aggrmodref-aa -globalsmodref-aa -aggr-aa -inst-simplify -simplifycfg -loop-simplify -mergereturn -inst-simplify -inst-rectify -dce -load-elim -bitop-lower -float-op-raise -loop-rewind -pointer-simplify -dce -cfgopt -dce -loop-bound -loop-dep -read-loop-dep -dce -dyn-mem-reuse -dce -check-stream -norm-name -legalize -validate-dataflow -inst-clarity -bitwidth -dump-loop-dep-to-ir -check-all-ssdm -cdfg-build /home/hayden/Documents/dft_hls/dft_hls/text_solution2/.autopilot/db/a.o.2.bc -o /home/hayden/Documents/dft_hls/dft_hls/text_solution2/.autopilot/db/a.o.3.bc -f -phase build-ssdm 
INFO: [XFORM 203-541] Flattening a loop nest 'data_loop' (simple_dft.cpp:10:18) in function 'matrix_vector'.
INFO: [HLS 200-111] Finished Architecture Synthesis: CPU user time: 0.03 seconds. CPU system time: 0 seconds. Elapsed time: 0.03 seconds; current allocated memory: 92.519 MB.
INFO-FLOW: Finish building internal data model.
Command     elaborate done; 2.08 sec.
Execute     autosyn -from_csynth_design=1 
INFO: [HLS 200-10] Starting hardware synthesis ...
INFO-FLOW: Synthesizing C/C++ design ...
INFO: [HLS 200-10] Synthesizing 'matrix_vector' ...
Execute       ap_set_top_model matrix_vector 
Execute       get_model_list matrix_vector -filter all-wo-channel -topdown 
Execute       preproc_iomode -model matrix_vector 
Execute       get_model_list matrix_vector -filter all-wo-channel 
INFO-FLOW: Model list for configure: matrix_vector
INFO-FLOW: Configuring Module : matrix_vector ...
Execute       set_default_model matrix_vector 
Execute       apply_spec_resource_limit matrix_vector 
INFO-FLOW: Model list for preprocess: matrix_vector
INFO-FLOW: Preprocessing Module: matrix_vector ...
Execute       set_default_model matrix_vector 
Execute       cdfg_preprocess -model matrix_vector 
Execute       rtl_gen_preprocess matrix_vector 
INFO-FLOW: Model list for synthesis: matrix_vector
INFO: [HLS 200-10] ----------------------------------------------------------------
INFO: [HLS 200-42] -- Implementing module 'matrix_vector' 
INFO: [HLS 200-10] ----------------------------------------------------------------
Execute       set_default_model matrix_vector 
Execute       schedule -model matrix_vector 
INFO: [SCHED 204-11] Starting scheduling ...
INFO: [SCHED 204-61] Pipelining loop 'data_loop_dot_product_loop'.
WARNING: [HLS 200-880] The II Violation in module 'matrix_vector' (loop 'data_loop_dot_product_loop'): Unable to enforce a carried dependence constraint (II = 1, distance = 1, offset = 0) between 'fadd' operation ('sum', simple_dft.cpp:14) and 'select' operation ('select_ln8_1', simple_dft.cpp:8).
WARNING: [HLS 200-880] The II Violation in module 'matrix_vector' (loop 'data_loop_dot_product_loop'): Unable to enforce a carried dependence constraint (II = 2, distance = 1, offset = 0) between 'fadd' operation ('sum', simple_dft.cpp:14) and 'select' operation ('select_ln8_1', simple_dft.cpp:8).
WARNING: [HLS 200-880] The II Violation in module 'matrix_vector' (loop 'data_loop_dot_product_loop'): Unable to enforce a carried dependence constraint (II = 3, distance = 1, offset = 0) between 'fadd' operation ('sum', simple_dft.cpp:14) and 'select' operation ('select_ln8_1', simple_dft.cpp:8).
INFO: [HLS 200-1470] Pipelining result : Target II = 1, Final II = 4, Depth = 12, loop 'data_loop_dot_product_loop'
WARNING: [HLS 200-871] Estimated clock period (15.21ns) exceeds the target (target clock period: 10ns, clock uncertainty: 2.7ns, effective delay budget: 7.3ns).
WARNING: [HLS 200-1016] The critical path in module 'matrix_vector' consists of the following:	'fadd' operation ('sum', simple_dft.cpp:14) [55]  (7.26 ns)
	'phi' operation ('sum') with incoming values : ('sum', simple_dft.cpp:14) [22]  (0 ns)
	'select' operation ('select_ln8_1', simple_dft.cpp:8) [32]  (0.698 ns)
	'fadd' operation ('sum', simple_dft.cpp:14) [55]  (7.26 ns)

INFO: [SCHED 204-11] Finished scheduling.
INFO: [HLS 200-111] Finished Scheduling: CPU user time: 0.03 seconds. CPU system time: 0.01 seconds. Elapsed time: 0.04 seconds; current allocated memory: 92.962 MB.
Execute       syn_report -verbosereport -o /home/hayden/Documents/dft_hls/dft_hls/text_solution2/.autopilot/db/matrix_vector.verbose.sched.rpt 
Execute         AP::get_flow_target_display_name
Execute           get_solution -flow_target 
Execute       db_write -o /home/hayden/Documents/dft_hls/dft_hls/text_solution2/.autopilot/db/matrix_vector.sched.adb -f 
INFO-FLOW: Finish scheduling matrix_vector.
Execute       set_default_model matrix_vector 
Execute       bind -model matrix_vector 
INFO: [BIND 205-100] Starting micro-architecture generation ...
INFO: [BIND 205-101] Performing variable lifetime analysis.
INFO: [BIND 205-101] Exploring resource sharing.
INFO: [BIND 205-101] Binding ...
INFO: [BIND 205-100] Finished micro-architecture generation.
INFO: [HLS 200-111] Finished Binding: CPU user time: 0.04 seconds. CPU system time: 0 seconds. Elapsed time: 0.04 seconds; current allocated memory: 93.306 MB.
Execute       syn_report -verbosereport -o /home/hayden/Documents/dft_hls/dft_hls/text_solution2/.autopilot/db/matrix_vector.verbose.bind.rpt 
Execute         AP::get_flow_target_display_name
Execute           get_solution -flow_target 
Execute       db_write -o /home/hayden/Documents/dft_hls/dft_hls/text_solution2/.autopilot/db/matrix_vector.bind.adb -f 
INFO-FLOW: Finish binding matrix_vector.
Execute       get_model_list matrix_vector -filter all-wo-channel 
INFO-FLOW: Preprocessing for RTLGen ...
Execute       rtl_gen_preprocess matrix_vector 
INFO-FLOW: Model list for RTL generation: matrix_vector
INFO: [HLS 200-10] ----------------------------------------------------------------
INFO: [HLS 200-10] -- Generating RTL for module 'matrix_vector' 
INFO: [HLS 200-10] ----------------------------------------------------------------
Execute       get_config_rtl -module_prefix 
Execute       get_config_rtl -module_prefix 
Execute       get_config_rtl -module_auto_prefix 
Execute       create_rtl_model matrix_vector -top_prefix  -sub_prefix matrix_vector_ -mg_file /home/hayden/Documents/dft_hls/dft_hls/text_solution2/.autopilot/db/matrix_vector.compgen.tcl 
INFO: [RTGEN 206-500] Setting interface mode on port 'matrix_vector/M_0' to 'ap_memory'.
INFO: [RTGEN 206-500] Setting interface mode on port 'matrix_vector/M_1' to 'ap_memory'.
INFO: [RTGEN 206-500] Setting interface mode on port 'matrix_vector/V_In_0' to 'ap_memory'.
INFO: [RTGEN 206-500] Setting interface mode on port 'matrix_vector/V_In_1' to 'ap_memory'.
INFO: [RTGEN 206-500] Setting interface mode on port 'matrix_vector/V_Out' to 'ap_memory'.
INFO: [RTGEN 206-500] Setting interface mode on function 'matrix_vector' to 'ap_ctrl_hs'.
INFO: [RTGEN 206-100] Generating core module 'fadd_32ns_32ns_32_5_full_dsp_1': 1 instance(s).
INFO: [RTGEN 206-100] Generating core module 'fmul_32ns_32ns_32_4_max_dsp_1': 1 instance(s).
INFO: [RTGEN 206-100] Finished creating RTL model for 'matrix_vector'.
INFO: [HLS 200-111] Finished Creating RTL model: CPU user time: 0.04 seconds. CPU system time: 0 seconds. Elapsed time: 0.05 seconds; current allocated memory: 93.991 MB.
Execute       source /home/hayden/Documents/dft_hls/dft_hls/text_solution2/.autopilot/db/matrix_vector.rtl_wrap.cfg.tcl 
Execute       gen_rtl matrix_vector -istop -style xilinx -f -lang vhdl -o /home/hayden/Documents/dft_hls/dft_hls/text_solution2/syn/vhdl/matrix_vector 
Execute       gen_rtl matrix_vector -istop -style xilinx -f -lang vlog -o /home/hayden/Documents/dft_hls/dft_hls/text_solution2/syn/verilog/matrix_vector 
Execute       syn_report -csynth -model matrix_vector -o /home/hayden/Documents/dft_hls/dft_hls/text_solution2/syn/report/matrix_vector_csynth.rpt 
Execute         AP::get_flow_target_display_name
Execute           get_solution -flow_target 
Execute       syn_report -rtlxml -model matrix_vector -o /home/hayden/Documents/dft_hls/dft_hls/text_solution2/syn/report/matrix_vector_csynth.xml 
Execute         get_solution -flow_target
Execute           get_solution -flow_target 
Execute       syn_report -verbosereport -model matrix_vector -o /home/hayden/Documents/dft_hls/dft_hls/text_solution2/.autopilot/db/matrix_vector.verbose.rpt 
Execute         AP::get_flow_target_display_name
Execute           get_solution -flow_target 
Execute       db_write -model matrix_vector -f -o /home/hayden/Documents/dft_hls/dft_hls/text_solution2/.autopilot/db/matrix_vector.adb 
Execute       gen_tb_info matrix_vector -p /home/hayden/Documents/dft_hls/dft_hls/text_solution2/.autopilot/db -o /home/hayden/Documents/dft_hls/dft_hls/text_solution2/.autopilot/db/matrix_vector 
Execute       export_constraint_db -f -tool general -o /home/hayden/Documents/dft_hls/dft_hls/text_solution2/.autopilot/db/matrix_vector.constraint.tcl 
Execute       syn_report -designview -model matrix_vector -o /home/hayden/Documents/dft_hls/dft_hls/text_solution2/.autopilot/db/matrix_vector.design.xml 
Execute       syn_report -csynthDesign -model matrix_vector -o /home/hayden/Documents/dft_hls/dft_hls/text_solution2/syn/report/csynth.rpt 
Execute         AP::get_flow_target_display_name
Execute           get_solution -flow_target 
Execute       get_config_rtl -disable_wave_debug 
Execute       syn_report -wcfg -model matrix_vector -o /home/hayden/Documents/dft_hls/dft_hls/text_solution2/.autopilot/db/matrix_vector_dataflow_ana.wcfg 
Execute       syn_report -protoinst -model matrix_vector -o /home/hayden/Documents/dft_hls/dft_hls/text_solution2/.autopilot/db/matrix_vector.protoinst 
Execute       get_config_debug -directory 
Execute       sc_get_clocks matrix_vector 
Execute       get_config_export -vivado_clock 
Execute       get_config_rtl -module_prefix 
Execute       get_config_rtl -module_prefix 
Execute       get_config_rtl -module_auto_prefix 
Execute       sc_get_portdomain matrix_vector 
INFO-FLOW: Model list for RTL component generation: matrix_vector
INFO-FLOW: Handling components in module [matrix_vector] ... 
Execute       source /home/hayden/Documents/dft_hls/dft_hls/text_solution2/.autopilot/db/matrix_vector.compgen.tcl 
INFO-FLOW: Found component matrix_vector_fadd_32ns_32ns_32_5_full_dsp_1.
INFO-FLOW: Append model matrix_vector_fadd_32ns_32ns_32_5_full_dsp_1
INFO-FLOW: Found component matrix_vector_fmul_32ns_32ns_32_4_max_dsp_1.
INFO-FLOW: Append model matrix_vector_fmul_32ns_32ns_32_4_max_dsp_1
INFO-FLOW: Append model matrix_vector
INFO-FLOW: Generating RTL model list ...
INFO-FLOW: All models in this session: matrix_vector_fadd_32ns_32ns_32_5_full_dsp_1 matrix_vector_fmul_32ns_32ns_32_4_max_dsp_1 matrix_vector
INFO-FLOW: To file: write model matrix_vector_fadd_32ns_32ns_32_5_full_dsp_1
INFO-FLOW: To file: write model matrix_vector_fmul_32ns_32ns_32_4_max_dsp_1
INFO-FLOW: To file: write model matrix_vector
INFO-FLOW: Finished generating RTL model list.


INFO-FLOW: RTL Generation done.
INFO-FLOW: CAS Generation done.
INFO-FLOW: CBC Generation done.
Execute       get_top 
Execute       get_config_export -ipname 
Execute       get_config_export -xo 
Execute       get_config_export -format 
Execute       get_config_rtl -module_auto_prefix 
INFO-FLOW: DBG:CMD:   auto_impl: set ipname to top (module_auto_prefix): matrix_vector
INFO-FLOW: DBG:CMD: auto_generate_csynth_design
INFO-FLOW: DBG:CMD:     auto_generate --sim-model -phase csynth_design -d /home/hayden/Documents/dft_hls/dft_hls/text_solution2
Execute       get_solution -flow_target 
Execute       get_config_export -xo 
Execute       get_config_export -format 
Execute       source /home/hayden/Documents/dft_hls/dft_hls/text_solution2/.autopilot/db/global.setting.tcl 
INFO-FLOW: DBG:CMD: read_platform_lib /home/hayden/Documents/dft_hls/dft_hls/text_solution2/.autopilot/db/global.setting.tcl
Execute       source /tools/Xilinx/Vitis_HLS/2020.2/common/technology/generic/autopilot/common.gen 
Execute         source /tools/Xilinx/Vitis_HLS/2020.2/common/technology/generic/autopilot/APCoreGen.gen 
Execute       source /tools/Xilinx/Vitis_HLS/2020.2/common/technology/generic/autopilot/op.gen 
Execute       source /tools/Xilinx/Vitis_HLS/2020.2/common/technology/generic/autopilot/op_simcore.gen 
Execute       source /tools/Xilinx/Vitis_HLS/2020.2/common/technology/generic/autopilot/interface.gen 
Execute       source /home/hayden/Documents/dft_hls/dft_hls/text_solution2/.autopilot/db/global.setting.tcl 
Execute       source /tools/Xilinx/Vitis_HLS/2020.2/common/technology/xilinx/common/xilinx.gen 
Execute         source /tools/Xilinx/Vitis_HLS/2020.2/common/technology/xilinx/interface/plb46.gen 
Execute         source /tools/Xilinx/Vitis_HLS/2020.2/common/technology/xilinx/interface/axi4.gen 
Execute         source /tools/Xilinx/Vitis_HLS/2020.2/common/technology/xilinx/interface/nativeAXI4.gen 
Execute           source /tools/Xilinx/Vitis_HLS/2020.2/common/technology/xilinx/interface/saxilite.gen 
Execute           source /tools/Xilinx/Vitis_HLS/2020.2/common/technology/xilinx/interface/maxi.gen 
Execute         source /tools/Xilinx/Vitis_HLS/2020.2/common/technology/xilinx/scripts/xilinxcoregen.gen 
Execute         source /tools/Xilinx/Vitis_HLS/2020.2/common/technology/xilinx/interface/XilEDKCoreGen.gen 
Execute         source /tools/Xilinx/Vitis_HLS/2020.2/common/technology/xilinx/ip/dds_compiler.gen 
Execute         source /tools/Xilinx/Vitis_HLS/2020.2/common/technology/xilinx/ip/util.gen 
Execute         source /tools/Xilinx/Vitis_HLS/2020.2/common/technology/xilinx/ip/xfft.gen 
Execute         source /tools/Xilinx/Vitis_HLS/2020.2/common/technology/xilinx/ip/xfir.gen 
Execute         source /tools/Xilinx/Vitis_HLS/2020.2/common/technology/xilinx/DSP48/dsp48.gen 
Execute       source /tools/Xilinx/Vitis_HLS/2020.2/common/technology/xilinx/common/xilinx.gen 
Execute         source /tools/Xilinx/Vitis_HLS/2020.2/common/technology/xilinx/interface/plb46.gen 
Execute         source /tools/Xilinx/Vitis_HLS/2020.2/common/technology/xilinx/interface/axi4.gen 
Execute         source /tools/Xilinx/Vitis_HLS/2020.2/common/technology/xilinx/interface/nativeAXI4.gen 
Execute           source /tools/Xilinx/Vitis_HLS/2020.2/common/technology/xilinx/interface/saxilite.gen 
Execute           source /tools/Xilinx/Vitis_HLS/2020.2/common/technology/xilinx/interface/maxi.gen 
Execute         source /tools/Xilinx/Vitis_HLS/2020.2/common/technology/xilinx/scripts/xilinxcoregen.gen 
Execute         source /tools/Xilinx/Vitis_HLS/2020.2/common/technology/xilinx/interface/XilEDKCoreGen.gen 
Execute         source /tools/Xilinx/Vitis_HLS/2020.2/common/technology/xilinx/ip/dds_compiler.gen 
Execute         source /tools/Xilinx/Vitis_HLS/2020.2/common/technology/xilinx/ip/util.gen 
Execute         source /tools/Xilinx/Vitis_HLS/2020.2/common/technology/xilinx/ip/xfft.gen 
Execute         source /tools/Xilinx/Vitis_HLS/2020.2/common/technology/xilinx/ip/xfir.gen 
Execute         source /tools/Xilinx/Vitis_HLS/2020.2/common/technology/xilinx/DSP48/dsp48.gen 
INFO-FLOW: DBG:CMD:   using AESL_AUTOCG::g_clock_period=10.000 (was NA)
INFO-FLOW: DBG:CMD:       generate_ip_cores sim=1 export=0 expOnly=0 dstVlogDir=syn/verilog
Execute       source /home/hayden/Documents/dft_hls/dft_hls/text_solution2/.autopilot/db/global.setting.tcl 
Execute       ap_part_info -name xc7z020-clg484-1 -data names -quiet 
Execute       ap_part_info -name xc7z020-clg484-1 -data info -quiet 
Execute       source /home/hayden/Documents/dft_hls/dft_hls/text_solution2/.autopilot/db/global.setting.tcl 
Execute       source /home/hayden/Documents/dft_hls/dft_hls/text_solution2/.autopilot/db/global.setting.tcl 
Execute       source /home/hayden/Documents/dft_hls/dft_hls/text_solution2/.autopilot/db/matrix_vector.compgen.tcl 
Execute         ap_part_info -name xc7z020-clg484-1 -data names -quiet 
Execute         ap_part_info -name xc7z020-clg484-1 -data info -quiet 
Execute         ap_part_info -name xc7z020-clg484-1 -data names -quiet 
Execute         ap_part_info -name xc7z020-clg484-1 -data info -quiet 
INFO-FLOW: DBG:CMD:     auto_generate -export -impltomg_flag -rtl both -tool Vivado -pcore_version 1.00.a -phase csynth_design -d /home/hayden/Documents/dft_hls/dft_hls/text_solution2
Execute       get_solution -flow_target 
Execute       get_config_export -xo 
Execute       get_config_export -format 
Execute       source /home/hayden/Documents/dft_hls/dft_hls/text_solution2/.autopilot/db/global.setting.tcl 
INFO-FLOW: DBG:CMD: read_platform_lib /home/hayden/Documents/dft_hls/dft_hls/text_solution2/.autopilot/db/global.setting.tcl
Execute       source /tools/Xilinx/Vitis_HLS/2020.2/common/technology/generic/autopilot/common.gen 
Execute         source /tools/Xilinx/Vitis_HLS/2020.2/common/technology/generic/autopilot/APCoreGen.gen 
Execute       source /tools/Xilinx/Vitis_HLS/2020.2/common/technology/generic/autopilot/op.gen 
Execute       source /tools/Xilinx/Vitis_HLS/2020.2/common/technology/generic/autopilot/op_simcore.gen 
Execute       source /tools/Xilinx/Vitis_HLS/2020.2/common/technology/generic/autopilot/interface.gen 
Execute       source /home/hayden/Documents/dft_hls/dft_hls/text_solution2/.autopilot/db/global.setting.tcl 
Execute       source /tools/Xilinx/Vitis_HLS/2020.2/common/technology/xilinx/common/xilinx.gen 
Execute         source /tools/Xilinx/Vitis_HLS/2020.2/common/technology/xilinx/interface/plb46.gen 
Execute         source /tools/Xilinx/Vitis_HLS/2020.2/common/technology/xilinx/interface/axi4.gen 
Execute         source /tools/Xilinx/Vitis_HLS/2020.2/common/technology/xilinx/interface/nativeAXI4.gen 
Execute           source /tools/Xilinx/Vitis_HLS/2020.2/common/technology/xilinx/interface/saxilite.gen 
Execute           source /tools/Xilinx/Vitis_HLS/2020.2/common/technology/xilinx/interface/maxi.gen 
Execute         source /tools/Xilinx/Vitis_HLS/2020.2/common/technology/xilinx/scripts/xilinxcoregen.gen 
Execute         source /tools/Xilinx/Vitis_HLS/2020.2/common/technology/xilinx/interface/XilEDKCoreGen.gen 
Execute         source /tools/Xilinx/Vitis_HLS/2020.2/common/technology/xilinx/ip/dds_compiler.gen 
Execute         source /tools/Xilinx/Vitis_HLS/2020.2/common/technology/xilinx/ip/util.gen 
Execute         source /tools/Xilinx/Vitis_HLS/2020.2/common/technology/xilinx/ip/xfft.gen 
Execute         source /tools/Xilinx/Vitis_HLS/2020.2/common/technology/xilinx/ip/xfir.gen 
Execute         source /tools/Xilinx/Vitis_HLS/2020.2/common/technology/xilinx/DSP48/dsp48.gen 
Execute       source /tools/Xilinx/Vitis_HLS/2020.2/common/technology/xilinx/common/xilinx.gen 
Execute         source /tools/Xilinx/Vitis_HLS/2020.2/common/technology/xilinx/interface/plb46.gen 
Execute         source /tools/Xilinx/Vitis_HLS/2020.2/common/technology/xilinx/interface/axi4.gen 
Execute         source /tools/Xilinx/Vitis_HLS/2020.2/common/technology/xilinx/interface/nativeAXI4.gen 
Execute           source /tools/Xilinx/Vitis_HLS/2020.2/common/technology/xilinx/interface/saxilite.gen 
Execute           source /tools/Xilinx/Vitis_HLS/2020.2/common/technology/xilinx/interface/maxi.gen 
Execute         source /tools/Xilinx/Vitis_HLS/2020.2/common/technology/xilinx/scripts/xilinxcoregen.gen 
Execute         source /tools/Xilinx/Vitis_HLS/2020.2/common/technology/xilinx/interface/XilEDKCoreGen.gen 
Execute         source /tools/Xilinx/Vitis_HLS/2020.2/common/technology/xilinx/ip/dds_compiler.gen 
Execute         source /tools/Xilinx/Vitis_HLS/2020.2/common/technology/xilinx/ip/util.gen 
Execute         source /tools/Xilinx/Vitis_HLS/2020.2/common/technology/xilinx/ip/xfft.gen 
Execute         source /tools/Xilinx/Vitis_HLS/2020.2/common/technology/xilinx/ip/xfir.gen 
Execute         source /tools/Xilinx/Vitis_HLS/2020.2/common/technology/xilinx/DSP48/dsp48.gen 
INFO-FLOW: DBG:CMD:       initCTypeInfo top_module=matrix_vector xml_exists=0
Execute       source /home/hayden/Documents/dft_hls/dft_hls/text_solution2/.autopilot/db/matrix_vector.rtl_wrap.cfg.tcl 
Execute       source /home/hayden/Documents/dft_hls/dft_hls/text_solution2/.autopilot/db/matrix_vector.rtl_wrap.cfg.tcl 
Execute       source /home/hayden/Documents/dft_hls/dft_hls/text_solution2/.autopilot/db/matrix_vector.rtl_wrap.cfg.tcl 
Execute       source /home/hayden/Documents/dft_hls/dft_hls/text_solution2/.autopilot/db/matrix_vector.tbgen.tcl 
Execute       source /home/hayden/Documents/dft_hls/dft_hls/text_solution2/.autopilot/db/matrix_vector.tbgen.tcl 
INFO-FLOW: DBG:CMD:       export_impl_rtl
INFO-FLOW: DBG:CMD:       generate_ip_cores sim=0 export=0 expOnly=0 dstVlogDir=impl/.verilog
Execute       source /home/hayden/Documents/dft_hls/dft_hls/text_solution2/.autopilot/db/global.setting.tcl 
Execute       source /home/hayden/Documents/dft_hls/dft_hls/text_solution2/.autopilot/db/matrix_vector.compgen.tcl 
Execute         ap_part_info -name xc7z020-clg484-1 -data names -quiet 
Execute         ap_part_info -name xc7z020-clg484-1 -data info -quiet 
Execute         ap_part_info -name xc7z020-clg484-1 -data names -quiet 
Execute         ap_part_info -name xc7z020-clg484-1 -data info -quiet 
INFO-FLOW: DBG:CMD:       generate_ip_cores sim=0 export=1 expOnly=1 dstVlogDir=impl/.pcores/verilog
Execute       source /home/hayden/Documents/dft_hls/dft_hls/text_solution2/.autopilot/db/global.setting.tcl 
Execute       source /home/hayden/Documents/dft_hls/dft_hls/text_solution2/.autopilot/db/matrix_vector.compgen.tcl 
Execute         ap_part_info -name xc7z020-clg484-1 -data names -quiet 
Execute         ap_part_info -name xc7z020-clg484-1 -data info -quiet 
Execute         ap_part_info -name xc7z020-clg484-1 -data names -quiet 
Execute         ap_part_info -name xc7z020-clg484-1 -data info -quiet 
Execute         source /home/hayden/Documents/dft_hls/dft_hls/text_solution2/.autopilot/db/matrix_vector.tbgen.tcl 
Execute         source /home/hayden/Documents/dft_hls/dft_hls/text_solution2/.autopilot/db/matrix_vector.tbgen.tcl 
Execute         source /home/hayden/Documents/dft_hls/dft_hls/text_solution2/.autopilot/db/matrix_vector.tbgen.tcl 
Execute         source /home/hayden/Documents/dft_hls/dft_hls/text_solution2/.autopilot/db/matrix_vector.tbgen.tcl 
Execute         source /home/hayden/Documents/dft_hls/dft_hls/text_solution2/.autopilot/db/matrix_vector.tbgen.tcl 
Execute         ap_part_info -name xc7z020-clg484-1 -data names -quiet 
Execute         ap_part_info -name xc7z020-clg484-1 -data info -quiet 
Execute         ap_part_info -name xc7z020-clg484-1 -data names -quiet 
Execute         ap_part_info -name xc7z020-clg484-1 -data info -quiet 
Execute         ap_part_info -name xc7z020-clg484-1 -data names -quiet 
Execute         ap_part_info -name xc7z020-clg484-1 -data info -quiet 
Execute         ap_part_info -name xc7z020-clg484-1 -data names -quiet 
Execute         ap_part_info -name xc7z020-clg484-1 -data info -quiet 
Execute         ap_part_info -name xc7z020-clg484-1 -data names -quiet 
Execute         ap_part_info -name xc7z020-clg484-1 -data info -quiet 
Execute       ap_part_info -name xc7z020-clg484-1 -data names -quiet 
Execute       ap_part_info -name xc7z020-clg484-1 -data info -quiet 
INFO-FLOW: DBG:CMD:       generate_ip_cores sim=0 export=0 expOnly=0 dstVlogDir=impl/.pcores/verilog_sim
Execute       source /home/hayden/Documents/dft_hls/dft_hls/text_solution2/.autopilot/db/global.setting.tcl 
Execute       source /home/hayden/Documents/dft_hls/dft_hls/text_solution2/.autopilot/db/matrix_vector.compgen.tcl 
Execute       ap_part_info -name xc7z020-clg484-1 -data names -quiet 
Execute       ap_part_info -name xc7z020-clg484-1 -data info -quiet 
Execute       ap_part_info -name xc7z020-clg484-1 -data names -quiet 
Execute       ap_part_info -name xc7z020-clg484-1 -data info -quiet 
Execute       source /home/hayden/Documents/dft_hls/dft_hls/text_solution2/.autopilot/db/global.setting.tcl 
Execute       ap_part_info -name xc7z020-clg484-1 -data names -quiet 
Execute       ap_part_info -name xc7z020-clg484-1 -data info -quiet 
Execute       source /home/hayden/Documents/dft_hls/dft_hls/text_solution2/.autopilot/db/matrix_vector.constraint.tcl 
Execute       source /home/hayden/Documents/dft_hls/dft_hls/text_solution2/.autopilot/db/matrix_vector.tbgen.tcl 
INFO-FLOW: DBG:CMD:       hasPcoreIpAdapter=false #gSsdmPorts=12
INFO-FLOW: DBG:CMD: Skipping loadAnalyze_DB, #g_database=5
INFO-FLOW: DBG:CMD:       generate_json is_phase_csynth=1 g_has_adaptors=false generate_bd_files=0 #modelList=3 #gSsdmPorts=12
Execute       source /tools/Xilinx/Vitis_HLS/2020.2/tps/tcl/tcllib1.11.1/fileutil/fileutil.tcl 
Execute       source /home/hayden/Documents/dft_hls/dft_hls/text_solution2/.autopilot/db/global.setting.tcl 
Execute       source /home/hayden/Documents/dft_hls/dft_hls/text_solution2/.autopilot/db/global.setting.tcl 
Execute       source /home/hayden/Documents/dft_hls/dft_hls/text_solution2/.autopilot/db/top-io-be.tcl 
Execute       source /home/hayden/Documents/dft_hls/dft_hls/text_solution2/.autopilot/db/matrix_vector.tbgen.tcl 
Execute       source /home/hayden/Documents/dft_hls/dft_hls/text_solution2/.autopilot/db/matrix_vector.rtl_wrap.cfg.tcl 
Execute       source /home/hayden/Documents/dft_hls/dft_hls/text_solution2/.autopilot/db/matrix_vector.compgen.dataonly.tcl 
Execute       get_config_export -format 
Execute       ap_part_info -name xc7z020-clg484-1 -data names -quiet 
Execute       ap_part_info -name xc7z020-clg484-1 -data info -quiet 
Execute       source /home/hayden/Documents/dft_hls/dft_hls/text_solution2/.autopilot/db/matrix_vector.tbgen.tcl 
Execute       source /home/hayden/Documents/dft_hls/dft_hls/text_solution2/.autopilot/db/global.setting.tcl 
Execute       ap_part_info -name xc7z020-clg484-1 -data names -quiet 
Execute       ap_part_info -name xc7z020-clg484-1 -data info -quiet 
Execute       get_solution -flow_target 
Execute       get_config_rtl -kernel_profile 
Execute       get_config_rtl -kernel_profile 
Execute       get_config_rtl -stall_sig_gen 
Execute       get_config_rtl -profile 
Execute       source /home/hayden/Documents/dft_hls/dft_hls/text_solution2/.autopilot/db/matrix_vector.constraint.tcl 
Execute       sc_get_clocks matrix_vector 
Execute       source /home/hayden/Documents/dft_hls/dft_hls/text_solution2/.autopilot/db/global.setting.tcl 
Execute       get_config_debug -directory 
Execute       source /home/hayden/Documents/dft_hls/dft_hls/text_solution2/impl/misc/matrix_vector_ap_fadd_3_full_dsp_32_ip.tcl 
Execute       source /home/hayden/Documents/dft_hls/dft_hls/text_solution2/impl/misc/matrix_vector_ap_fmul_2_max_dsp_32_ip.tcl 
INFO-FLOW: DBG:CMD:       delete-temp-dirs (skipped for debug)
INFO: [HLS 200-111] Finished Generating all RTL models: CPU user time: 0.52 seconds. CPU system time: 0.02 seconds. Elapsed time: 0.54 seconds; current allocated memory: 102.785 MB.
INFO: [VHDL 208-304] Generating VHDL RTL for matrix_vector.
INFO: [VLOG 209-307] Generating Verilog RTL for matrix_vector.
INFO-FLOW: DBG:CMD:       update_csynth_xml_report append design.xml content design_xml=/home/hayden/Documents/dft_hls/dft_hls/text_solution2/.autopilot/db/matrix_vector.design.xml
INFO-FLOW: DBG:CMD:       update_csynth_xml_report json2reportxml
INFO-FLOW: DBG:CMD:       update_csynth_xml_report done
Execute       syn_report -model matrix_vector -printsummary 
INFO: [HLS 200-790] **** Loop Constraint Status: All loop constraints were NOT satisfied.
INFO: [HLS 200-789] **** Estimated Fmax: 65.75 MHz
Command     autosyn done; 0.72 sec.
Command   csynth_design done; 2.8 sec.
INFO: [HLS 200-111] Finished Command csynth_design CPU user time: 3.34 seconds. CPU system time: 0.26 seconds. Elapsed time: 2.8 seconds; current allocated memory: 102.988 MB.
Command ap_source done; 3.43 sec.
Execute cleanup_all 
